{"/usr/src/app/src/routes.ts": {"path":"/usr/src/app/src/routes.ts","statementMap":{"0":{"start":{"line":2,"column":0},"end":{"line":2,"column":62}},"1":{"start":{"line":3,"column":15},"end":{"line":3,"column":32}},"2":{"start":{"line":5,"column":29},"end":{"line":5,"column":65}},"3":{"start":{"line":6,"column":25},"end":{"line":6,"column":57}},"4":{"start":{"line":8,"column":19},"end":{"line":8,"column":46}},"5":{"start":{"line":9,"column":4},"end":{"line":9,"column":62}},"6":{"start":{"line":10,"column":4},"end":{"line":10,"column":68}},"7":{"start":{"line":11,"column":4},"end":{"line":11,"column":79}},"8":{"start":{"line":12,"column":4},"end":{"line":12,"column":89}},"9":{"start":{"line":13,"column":4},"end":{"line":13,"column":82}},"10":{"start":{"line":14,"column":4},"end":{"line":14,"column":74}},"11":{"start":{"line":15,"column":4},"end":{"line":15,"column":67}},"12":{"start":{"line":16,"column":4},"end":{"line":16,"column":71}},"13":{"start":{"line":17,"column":4},"end":{"line":17,"column":71}},"14":{"start":{"line":18,"column":4},"end":{"line":18,"column":96}},"15":{"start":{"line":19,"column":4},"end":{"line":19,"column":77}},"16":{"start":{"line":21,"column":0},"end":{"line":21,"column":22}}},"fnMap":{"0":{"name":"setup","decl":{"start":{"line":7,"column":9},"end":{"line":7,"column":14}},"loc":{"start":{"line":7,"column":20},"end":{"line":20,"column":1}},"line":7}},"branchMap":{},"s":{"0":3,"1":3,"2":3,"3":3,"4":3,"5":3,"6":3,"7":3,"8":3,"9":3,"10":3,"11":3,"12":3,"13":3,"14":3,"15":3,"16":3},"f":{"0":3},"b":{},"inputSourceMap":{"version":3,"file":"routes.js","sourceRoot":"","sources":["routes.ts"],"names":[],"mappings":";;AACA,iCAAiC;AAEjC,+BAA+B;AAC/B,kEAAkE;AAClE,0DAA0D;AAE1D,eAAsB,GAAY;IAChC,MAAM,MAAM,GAAG,MAAM,CAAC,EAAE,IAAI,EAAE,SAAS,EAAE,CAAC,CAAC;IAE3C,GAAG,CAAC,IAAI,CAAC,WAAW,EAAE,gBAAgB,CAAC,iBAAiB,CAAC,CAAC;IAE1D,GAAG,CAAC,IAAI,CAAC,iBAAiB,EAAE,oBAAoB,CAAC,aAAa,CAAC,CAAC;IAChE,GAAG,CAAC,IAAI,CAAC,uBAAuB,EAAE,oBAAoB,CAAC,kBAAkB,CAAC,CAAC;IAC3E,GAAG,CAAC,IAAI,CAAC,aAAa,EAAE,MAAM,CAAC,KAAK,CAAC,OAAO,CAAC,EAAE,oBAAoB,CAAC,eAAe,CAAC,CAAC;IACrF,GAAG,CAAC,IAAI,CAAC,wBAAwB,EAAE,oBAAoB,CAAC,oBAAoB,CAAC,CAAC;IAC9E,GAAG,CAAC,IAAI,CAAC,oBAAoB,EAAE,oBAAoB,CAAC,gBAAgB,CAAC,CAAC;IACtE,GAAG,CAAC,IAAI,CAAC,cAAc,EAAE,oBAAoB,CAAC,eAAe,CAAC,CAAC;IAE/D,GAAG,CAAC,IAAI,CAAC,gBAAgB,EAAE,oBAAoB,CAAC,iBAAiB,CAAC,CAAC;IAEnE,GAAG,CAAC,GAAG,CAAC,mBAAmB,EAAE,oBAAoB,CAAC,eAAe,CAAC,CAAC;IACnE,GAAG,CAAC,GAAG,CAAC,sCAAsC,EAAE,oBAAoB,CAAC,qBAAqB,CAAC,CAAC;IAC5F,GAAG,CAAC,GAAG,CAAC,0BAA0B,EAAE,oBAAoB,CAAC,cAAc,CAAC,CAAC;AAC3E,CAAC;AAjBD,sBAiBC","sourcesContent":["import { Express } from \"express\";\r\nimport * as multer from \"multer\";\r\n\r\n// Controllers (route handlers)\r\nimport * as applicationControler from \"./controllers/application\";\r\nimport * as sandboxControler from \"./controllers/sandbox\";\r\n\r\nexport function setup(app: Express) {\r\n  const upload = multer({ dest: \"./temp/\" });\r\n\r\n  app.post(\"/register\", sandboxControler.registerContainer);\r\n\r\n  app.post(\"/api/create/app\", applicationControler.postCreateApp);\r\n  app.post(\"/api/create/algorithm\", applicationControler.postCreatAlgorithm);\r\n  app.post(\"/api/upload\", upload.array(\"files\"), applicationControler.postUploadFiles);\r\n  app.post(\"/api/create/parameters\", applicationControler.postUpdateParameters);\r\n  app.post(\"/api/create/output\", applicationControler.postUpdateOutput);\r\n  app.post(\"/api/invoke/\", applicationControler.invokeAlgorithm);\r\n\r\n  app.post(\"/api/invoke/v2\", applicationControler.invokeAlgorithmV2);\r\n\r\n  app.get(\"/api/applications\", applicationControler.getApplications);\r\n  app.get(\"/api/application/:app_id/:version_id\", applicationControler.getApplicationVersion);\r\n  app.get(\"/api/application/:app_id\", applicationControler.getApplication);\r\n}\r\n"]},"_coverageSchema":"332fd63041d2c1bcb487cc26dd0d5f7d97098a6c","hash":"1ce3909ce52adebc9950c26a7973098162e45022"}
,"/usr/src/app/src/controllers/application.ts": {"path":"/usr/src/app/src/controllers/application.ts","statementMap":{"0":{"start":{"line":3,"column":4},"end":{"line":3,"column":71}},"1":{"start":{"line":3,"column":21},"end":{"line":3,"column":71}},"2":{"start":{"line":3,"column":53},"end":{"line":3,"column":71}},"3":{"start":{"line":5,"column":0},"end":{"line":5,"column":62}},"4":{"start":{"line":6,"column":22},"end":{"line":6,"column":54}},"5":{"start":{"line":7,"column":0},"end":{"line":7,"column":37}},"6":{"start":{"line":8,"column":0},"end":{"line":8,"column":35}},"7":{"start":{"line":10,"column":4},"end":{"line":24,"column":7}},"8":{"start":{"line":13,"column":8},"end":{"line":14,"column":29}},"9":{"start":{"line":14,"column":12},"end":{"line":14,"column":29}},"10":{"start":{"line":15,"column":8},"end":{"line":22,"column":9}},"11":{"start":{"line":16,"column":12},"end":{"line":21,"column":13}},"12":{"start":{"line":17,"column":31},"end":{"line":17,"column":53}},"13":{"start":{"line":18,"column":16},"end":{"line":20,"column":17}},"14":{"start":{"line":19,"column":20},"end":{"line":19,"column":40}},"15":{"start":{"line":23,"column":8},"end":{"line":23,"column":42}},"16":{"start":{"line":26,"column":0},"end":{"line":26,"column":42}},"17":{"start":{"line":28,"column":4},"end":{"line":34,"column":5}},"18":{"start":{"line":29,"column":8},"end":{"line":33,"column":9}},"19":{"start":{"line":30,"column":12},"end":{"line":32,"column":13}},"20":{"start":{"line":31,"column":16},"end":{"line":31,"column":38}},"21":{"start":{"line":35,"column":4},"end":{"line":35,"column":31}},"22":{"start":{"line":38,"column":4},"end":{"line":47,"column":7}},"23":{"start":{"line":41,"column":8},"end":{"line":42,"column":29}},"24":{"start":{"line":42,"column":12},"end":{"line":42,"column":29}},"25":{"start":{"line":43,"column":8},"end":{"line":45,"column":9}},"26":{"start":{"line":44,"column":12},"end":{"line":44,"column":66}},"27":{"start":{"line":46,"column":8},"end":{"line":46,"column":45}},"28":{"start":{"line":49,"column":0},"end":{"line":49,"column":40}},"29":{"start":{"line":51,"column":4},"end":{"line":92,"column":7}},"30":{"start":{"line":85,"column":8},"end":{"line":86,"column":29}},"31":{"start":{"line":86,"column":12},"end":{"line":86,"column":29}},"32":{"start":{"line":87,"column":8},"end":{"line":89,"column":9}},"33":{"start":{"line":88,"column":12},"end":{"line":88,"column":66}},"34":{"start":{"line":90,"column":8},"end":{"line":90,"column":49}},"35":{"start":{"line":91,"column":8},"end":{"line":91,"column":45}},"36":{"start":{"line":94,"column":0},"end":{"line":94,"column":54}}},"fnMap":{"0":{"name":"__export","decl":{"start":{"line":2,"column":9},"end":{"line":2,"column":17}},"loc":{"start":{"line":2,"column":21},"end":{"line":4,"column":1}},"line":2},"1":{"name":"getApplications","decl":{"start":{"line":9,"column":9},"end":{"line":9,"column":24}},"loc":{"start":{"line":9,"column":41},"end":{"line":25,"column":1}},"line":9},"2":{"name":"(anonymous_2)","decl":{"start":{"line":12,"column":14},"end":{"line":12,"column":15}},"loc":{"start":{"line":12,"column":29},"end":{"line":24,"column":5}},"line":12},"3":{"name":"containsSubstr","decl":{"start":{"line":27,"column":9},"end":{"line":27,"column":23}},"loc":{"start":{"line":27,"column":39},"end":{"line":36,"column":1}},"line":27},"4":{"name":"getApplication","decl":{"start":{"line":37,"column":9},"end":{"line":37,"column":23}},"loc":{"start":{"line":37,"column":40},"end":{"line":48,"column":1}},"line":37},"5":{"name":"(anonymous_5)","decl":{"start":{"line":40,"column":14},"end":{"line":40,"column":15}},"loc":{"start":{"line":40,"column":29},"end":{"line":47,"column":5}},"line":40},"6":{"name":"getApplicationVersion","decl":{"start":{"line":50,"column":9},"end":{"line":50,"column":30}},"loc":{"start":{"line":50,"column":47},"end":{"line":93,"column":1}},"line":50},"7":{"name":"(anonymous_7)","decl":{"start":{"line":84,"column":14},"end":{"line":84,"column":15}},"loc":{"start":{"line":84,"column":29},"end":{"line":92,"column":5}},"line":84}},"branchMap":{"0":{"loc":{"start":{"line":3,"column":21},"end":{"line":3,"column":71}},"type":"if","locations":[{"start":{"line":3,"column":21},"end":{"line":3,"column":71}},{"start":{"line":3,"column":21},"end":{"line":3,"column":71}}],"line":3},"1":{"loc":{"start":{"line":13,"column":8},"end":{"line":14,"column":29}},"type":"if","locations":[{"start":{"line":13,"column":8},"end":{"line":14,"column":29}},{"start":{"line":13,"column":8},"end":{"line":14,"column":29}}],"line":13},"2":{"loc":{"start":{"line":15,"column":8},"end":{"line":22,"column":9}},"type":"if","locations":[{"start":{"line":15,"column":8},"end":{"line":22,"column":9}},{"start":{"line":15,"column":8},"end":{"line":22,"column":9}}],"line":15},"3":{"loc":{"start":{"line":18,"column":16},"end":{"line":20,"column":17}},"type":"if","locations":[{"start":{"line":18,"column":16},"end":{"line":20,"column":17}},{"start":{"line":18,"column":16},"end":{"line":20,"column":17}}],"line":18},"4":{"loc":{"start":{"line":30,"column":12},"end":{"line":32,"column":13}},"type":"if","locations":[{"start":{"line":30,"column":12},"end":{"line":32,"column":13}},{"start":{"line":30,"column":12},"end":{"line":32,"column":13}}],"line":30},"5":{"loc":{"start":{"line":41,"column":8},"end":{"line":42,"column":29}},"type":"if","locations":[{"start":{"line":41,"column":8},"end":{"line":42,"column":29}},{"start":{"line":41,"column":8},"end":{"line":42,"column":29}}],"line":41},"6":{"loc":{"start":{"line":43,"column":8},"end":{"line":45,"column":9}},"type":"if","locations":[{"start":{"line":43,"column":8},"end":{"line":45,"column":9}},{"start":{"line":43,"column":8},"end":{"line":45,"column":9}}],"line":43},"7":{"loc":{"start":{"line":85,"column":8},"end":{"line":86,"column":29}},"type":"if","locations":[{"start":{"line":85,"column":8},"end":{"line":86,"column":29}},{"start":{"line":85,"column":8},"end":{"line":86,"column":29}}],"line":85},"8":{"loc":{"start":{"line":87,"column":8},"end":{"line":89,"column":9}},"type":"if","locations":[{"start":{"line":87,"column":8},"end":{"line":89,"column":9}},{"start":{"line":87,"column":8},"end":{"line":89,"column":9}}],"line":87}},"s":{"0":6,"1":21,"2":21,"3":3,"4":3,"5":3,"6":3,"7":0,"8":0,"9":0,"10":0,"11":0,"12":0,"13":0,"14":0,"15":0,"16":3,"17":0,"18":0,"19":0,"20":0,"21":0,"22":0,"23":0,"24":0,"25":0,"26":0,"27":0,"28":3,"29":0,"30":0,"31":0,"32":0,"33":0,"34":0,"35":0,"36":3},"f":{"0":6,"1":0,"2":0,"3":0,"4":0,"5":0,"6":0,"7":0},"b":{"0":[21,0],"1":[0,0],"2":[0,0],"3":[0,0],"4":[0,0],"5":[0,0],"6":[0,0],"7":[0,0],"8":[0,0]},"inputSourceMap":{"version":3,"file":"application.js","sourceRoot":"","sources":["application.ts"],"names":[],"mappings":";;;;;AAEA,uDAA+D;AAG/D,qCAAgC;AAChC,mCAA8B;AAE9B,yBAAgC,GAAY,EAAE,GAAa,EAAE,IAAkB;IAC7E,qBAAW,CAAC,IAAI,CAAC,EAAE,EAAE,EAAE,UAAU,EAAE,EAAE,MAAM,EAAE,CAAC,CAAC,EAAE,EAAE,CAAC;SACjD,MAAM,CAAC,yFAAyF,CAAC;SACjG,IAAI,CAAC,CAAC,GAAG,EAAE,IAAI,EAAE,EAAE;QAClB,EAAE,CAAC,CAAC,GAAG,CAAC;YAAC,MAAM,CAAC,IAAI,CAAC,GAAG,CAAC,CAAC;QAC1B,EAAE,CAAC,CAAC,GAAG,CAAC,KAAK,CAAC,CAAC,CAAC,CAAC,CAAC;YAChB,GAAG,CAAC,CAAC,IAAI,CAAC,GAAG,CAAC,EAAE,CAAC,GAAG,IAAI,CAAC,MAAM,EAAE,EAAE,CAAC,EAAE,CAAC;gBACrC,MAAM,MAAM,GAAG,GAAG,CAAC,KAAK,CAAC,CAAC,CAAC,KAAK,CAAC,GAAG,CAAC,CAAC;gBACtC,EAAE,CAAC,CAAC,CAAC,cAAc,CAAC,CAAO,IAAI,CAAC,CAAC,CAAE,CAAC,IAAI,EAAQ,IAAI,CAAC,CAAC,CAAE,CAAC,MAAM,CAAC,EAAE,MAAM,CAAC,CAAC,CAAC,CAAC;oBAC1E,IAAI,CAAC,MAAM,CAAC,CAAC,EAAE,EAAE,CAAC,CAAC,CAAC;gBACtB,CAAC;YACH,CAAC;QACH,CAAC;QACD,MAAM,CAAC,GAAG,CAAC,MAAM,CAAC,GAAG,CAAC,CAAC,IAAI,CAAC,IAAI,CAAC,CAAC;IACpC,CAAC,CAAC,CAAC;AACP,CAAC;AAfD,0CAeC;AAED,wBAAwB,KAAe,EAAE,MAAgB;IACvD,GAAG,CAAC,CAAC,MAAM,IAAI,IAAI,KAAK,CAAC,CAAC,CAAC;QACzB,GAAG,CAAC,CAAC,IAAI,CAAC,GAAG,CAAC,EAAE,CAAC,GAAG,MAAM,CAAC,MAAM,EAAE,EAAE,CAAC,EAAE,CAAC;YACvC,EAAE,CAAC,CAAC,IAAI,CAAC,WAAW,EAAE,CAAC,OAAO,CAAC,MAAM,CAAC,CAAC,CAAC,CAAC,WAAW,EAAE,CAAC,IAAI,CAAC,CAAC,CAAC,CAAC;gBAC7D,MAAM,CAAC,MAAM,CAAC,CAAC,EAAE,EAAE,CAAC,CAAC,CAAC;YACxB,CAAC;QACH,CAAC;IACH,CAAC;IACD,MAAM,CAAC,MAAM,CAAC,MAAM,KAAK,CAAC,CAAC;AAC7B,CAAC;AAED,wBAA+B,GAAY,EAAE,GAAa,EAAE,IAAkB;IAC5E,qBAAW,CAAC,IAAI,CAAC,EAAE,EAAE,EAAE,GAAG,CAAC,MAAM,CAAC,MAAM,EAAE,CAAC;SACxC,MAAM,CAAC,WAAW,CAAC;SACnB,IAAI,CAAC,CAAC,GAAG,EAAE,IAAI,EAAE,EAAE;QAClB,EAAE,CAAC,CAAC,GAAG,CAAC;YAAC,MAAM,CAAC,IAAI,CAAC,GAAG,CAAC,CAAC;QAC1B,EAAE,CAAC,CAAC,IAAI,CAAC,MAAM,KAAK,CAAC,CAAC,CAAC,CAAC;YACtB,MAAM,CAAC,GAAG,CAAC,MAAM,CAAC,GAAG,CAAC,CAAC,IAAI,CAAC,wBAAwB,CAAC,CAAC;QACxD,CAAC;QACD,MAAM,CAAC,GAAG,CAAC,MAAM,CAAC,GAAG,CAAC,CAAC,IAAI,CAAC,IAAI,CAAC,CAAC,CAAC,CAAC,CAAC;IACvC,CAAC,CAAC,CAAC;AACP,CAAC;AAVD,wCAUC;AAED,+BAAsC,GAAY,EAAE,GAAa,EAAE,IAAkB;IACnF,qBAAW,CAAC,SAAS,CAAC;QACpB,EAAE,MAAM,EAAE,EAAE,EAAE,EAAE,GAAG,CAAC,MAAM,CAAC,MAAM,EAAE,eAAe,EAAE,GAAG,CAAC,MAAM,CAAC,UAAU,EAAE,EAAE;QAC7E,EAAE,QAAQ,EAAE,EAAE,GAAG,EAAE,CAAC,EAAE,GAAG,EAAE,CAAC,EAAE,EAAE;QAChC;YACE,QAAQ,EAAE;gBACR,UAAU,EAAE;oBACV,OAAO,EAAE;wBACP,KAAK,EAAE,aAAa;wBACpB,EAAE,EAAE,GAAG;wBACP,IAAI,EAAE;4BACJ,GAAG,EAAE,CAAC,QAAQ,EAAE,GAAG,CAAC,MAAM,CAAC,UAAU,CAAC;yBACvC;qBACF;iBACF;gBACD,EAAE,EAAE,CAAC;gBACL,WAAW,EAAE,CAAC;gBACd,IAAI,EAAE,CAAC;gBACP,MAAM,EAAE,CAAC;gBACT,SAAS,EAAE;oBACT,OAAO,EAAE;wBACP,KAAK,EAAE,aAAa;wBACpB,EAAE,EAAE,GAAG;wBACP,IAAI,EAAE;4BACJ,GAAG,EAAE,CAAC,QAAQ,EAAE,GAAG,CAAC,MAAM,CAAC,UAAU,CAAC;yBACvC;qBACF;iBACF;aACF;SACF;QACD;YACE,QAAQ,EAAE,EAAE,uBAAuB,EAAE,CAAC,EAAE,qBAAqB,EAAE,CAAC,EAAE,kBAAkB,EAAE,CAAC,EAAE;SAC1F;KAAC,CAAC;SACF,IAAI,CAAC,CAAC,GAAG,EAAE,IAAI,EAAE,EAAE;QAClB,EAAE,CAAC,CAAC,GAAG,CAAC;YAAC,MAAM,CAAC,IAAI,CAAC,GAAG,CAAC,CAAC;QAC1B,EAAE,CAAC,CAAC,IAAI,CAAC,MAAM,KAAK,CAAC,CAAC,CAAC,CAAC;YACtB,MAAM,CAAC,GAAG,CAAC,MAAM,CAAC,GAAG,CAAC,CAAC,IAAI,CAAC,wBAAwB,CAAC,CAAC;QACxD,CAAC;QACD,IAAI,CAAC,CAAC,CAAC,CAAC,SAAS,GAAG,IAAI,CAAC,CAAC,CAAC,CAAC,SAAS,CAAC,CAAC,CAAC,CAAC;QACzC,MAAM,CAAC,GAAG,CAAC,MAAM,CAAC,GAAG,CAAC,CAAC,IAAI,CAAC,IAAI,CAAC,CAAC,CAAC,CAAC,CAAC;IACvC,CAAC,CAAC,CAAC;AACP,CAAC;AAzCD,sDAyCC","sourcesContent":["import { Request, Response, NextFunction } from \"express\";\r\n\r\nimport { default as Application } from \"../models/Application\";\r\nimport { Sandbox } from \"../docker_sandbox/sandbox\";\r\n\r\nexport * from \"./app.creation/\";\r\nexport * from \"./app.invoke/\";\r\n\r\nexport function getApplications(req: Request, res: Response, next: NextFunction) {\r\n  Application.find({}, { algorithms: { $slice: -1 } })\r\n    .select(\"-_id author name description id algorithms.id algorithms.version algorithms.description\")\r\n    .exec((err, apps) => {\r\n      if (err) return next(err);\r\n      if (req.query.q) {\r\n        for (let i = 0; i < apps.length; ++i) {\r\n          const tokens = req.query.q.split(\" \");\r\n          if (!containsSubstr([(<any>apps[i]).name, (<any>apps[i]).author], tokens)) {\r\n            apps.splice(i--, 1);\r\n          }\r\n        }\r\n      }\r\n      return res.status(200).json(apps);\r\n    });\r\n}\r\n\r\nfunction containsSubstr(names: string[], tokens: string[]) {\r\n  for (const name of names) {\r\n    for (let i = 0; i < tokens.length; ++i) {\r\n      if (name.toLowerCase().indexOf(tokens[i].toLowerCase()) >= 0) {\r\n        tokens.splice(i--, 1);\r\n      }\r\n    }\r\n  }\r\n  return tokens.length === 0;\r\n}\r\n\r\nexport function getApplication(req: Request, res: Response, next: NextFunction) {\r\n  Application.find({ id: req.params.app_id })\r\n    .select(\"-_id -__v\")\r\n    .exec((err, apps) => {\r\n      if (err) return next(err);\r\n      if (apps.length === 0) {\r\n        return res.status(404).send(\"Application Not Found!\");\r\n      }\r\n      return res.status(200).json(apps[0]);\r\n    });\r\n}\r\n\r\nexport function getApplicationVersion(req: Request, res: Response, next: NextFunction) {\r\n  Application.aggregate([\r\n    { $match: { id: req.params.app_id, \"algorithms.id\": req.params.version_id } },\r\n    { $project: { _id: 0, __v: 0 } },\r\n    {\r\n      $project: {\r\n        algorithms: {\r\n          $filter: {\r\n            input: \"$algorithms\",\r\n            as: \"a\",\r\n            cond: {\r\n              $ne: [\"$$a.id\", req.params.version_id]\r\n            }\r\n          }\r\n        },\r\n        id: 1,\r\n        description: 1,\r\n        name: 1,\r\n        author: 1,\r\n        algorithm: {\r\n          $filter: {\r\n            input: \"$algorithms\",\r\n            as: \"a\",\r\n            cond: {\r\n              $eq: [\"$$a.id\", req.params.version_id]\r\n            }\r\n          }\r\n        }\r\n      }\r\n    },\r\n    {\r\n      $project: { \"algorithms.parameters\": 0, \"algorithms.entryApp\": 0, \"algorithms.files\": 0 }\r\n    }])\r\n    .exec((err, apps) => {\r\n      if (err) return next(err);\r\n      if (apps.length === 0) {\r\n        return res.status(404).send(\"Application Not Found!\");\r\n      }\r\n      apps[0].algorithm = apps[0].algorithm[0];\r\n      return res.status(200).json(apps[0]);\r\n    });\r\n}\r\n"]},"_coverageSchema":"332fd63041d2c1bcb487cc26dd0d5f7d97098a6c","hash":"ec1d177147106f249914f08bc35a4f542bd458e7"}
,"/usr/src/app/src/controllers/sandbox.ts": {"path":"/usr/src/app/src/controllers/sandbox.ts","statementMap":{"0":{"start":{"line":2,"column":0},"end":{"line":2,"column":62}},"1":{"start":{"line":3,"column":18},"end":{"line":3,"column":54}},"2":{"start":{"line":5,"column":4},"end":{"line":5,"column":99}},"3":{"start":{"line":6,"column":4},"end":{"line":6,"column":26}},"4":{"start":{"line":8,"column":0},"end":{"line":8,"column":46}}},"fnMap":{"0":{"name":"registerContainer","decl":{"start":{"line":4,"column":9},"end":{"line":4,"column":26}},"loc":{"start":{"line":4,"column":37},"end":{"line":7,"column":1}},"line":4}},"branchMap":{},"s":{"0":3,"1":3,"2":0,"3":0,"4":3},"f":{"0":0},"b":{},"inputSourceMap":{"version":3,"file":"sandbox.js","sourceRoot":"","sources":["sandbox.ts"],"names":[],"mappings":";;AAEA,uDAAoD;AAEpD,2BAAkC,GAAY,EAAE,GAAa;IAC3D,iBAAO,CAAC,WAAW,EAAE,CAAC,YAAY,CAAC,GAAG,CAAC,UAAU,CAAC,aAAa,CAAC,OAAO,CAAC,MAAM,EAAE,EAAE,CAAC,CAAC,CAAC;IACrF,GAAG,CAAC,MAAM,CAAC,GAAG,CAAC,CAAC,GAAG,EAAE,CAAC;AACxB,CAAC;AAHD,8CAGC","sourcesContent":["import { Request, Response, NextFunction } from \"express\";\r\n\r\nimport { Sandbox } from \"../docker_sandbox/sandbox\";\r\n\r\nexport function registerContainer(req: Request, res: Response) {\r\n  Sandbox.getInstance().addContainer(req.connection.remoteAddress.replace(/^.*:/, \"\"));\r\n  res.status(200).end();\r\n}\r\n"]},"_coverageSchema":"332fd63041d2c1bcb487cc26dd0d5f7d97098a6c","hash":"f47f385109a2475fcbf8ca5912b1ab932115d3c8"}
,"/usr/src/app/src/controllers/app.creation/index.ts": {"path":"/usr/src/app/src/controllers/app.creation/index.ts","statementMap":{"0":{"start":{"line":2,"column":0},"end":{"line":2,"column":62}},"1":{"start":{"line":3,"column":22},"end":{"line":3,"column":48}},"2":{"start":{"line":4,"column":0},"end":{"line":4,"column":50}},"3":{"start":{"line":5,"column":23},"end":{"line":5,"column":50}},"4":{"start":{"line":6,"column":0},"end":{"line":6,"column":56}},"5":{"start":{"line":7,"column":20},"end":{"line":7,"column":44}},"6":{"start":{"line":8,"column":0},"end":{"line":8,"column":49}},"7":{"start":{"line":9,"column":25},"end":{"line":9,"column":54}},"8":{"start":{"line":10,"column":0},"end":{"line":10,"column":57}},"9":{"start":{"line":11,"column":0},"end":{"line":11,"column":67}}},"fnMap":{},"branchMap":{},"s":{"0":3,"1":3,"2":3,"3":3,"4":3,"5":3,"6":3,"7":3,"8":3,"9":3},"f":{},"b":{},"inputSourceMap":{"version":3,"file":"index.js","sourceRoot":"","sources":["index.ts"],"names":[],"mappings":";;AAAA,iDAA6D;AAApD,0CAAA,OAAO,CAAmB;AACnC,mDAAmE;AAA1D,gDAAA,OAAO,CAAwB;AACxC,6CAA4D;AAAnD,yCAAA,OAAO,CAAoB;AACpC,uDAAuE;AAA9D,2CAAA,aAAa,CAAA;AAAE,gDAAA,kBAAkB,CAAA","sourcesContent":["export { default as postUploadFiles } from \"./post.uploader\";\r\nexport { default as postUpdateParameters } from \"./post.parameter\";\r\nexport { default as postUpdateOutput } from \"./post.output\";\r\nexport { postCreateApp, postCreatAlgorithm } from \"./post.application\";\r\n"]},"_coverageSchema":"332fd63041d2c1bcb487cc26dd0d5f7d97098a6c","hash":"389acc529007946ce54c525690dc3945287ea414"}
,"/usr/src/app/src/controllers/app.creation/post.application.ts": {"path":"/usr/src/app/src/controllers/app.creation/post.application.ts","statementMap":{"0":{"start":{"line":2,"column":16},"end":{"line":9,"column":1}},"1":{"start":{"line":3,"column":4},"end":{"line":8,"column":7}},"2":{"start":{"line":4,"column":36},"end":{"line":4,"column":97}},"3":{"start":{"line":4,"column":42},"end":{"line":4,"column":70}},"4":{"start":{"line":4,"column":85},"end":{"line":4,"column":95}},"5":{"start":{"line":5,"column":35},"end":{"line":5,"column":100}},"6":{"start":{"line":5,"column":41},"end":{"line":5,"column":73}},"7":{"start":{"line":5,"column":88},"end":{"line":5,"column":98}},"8":{"start":{"line":6,"column":32},"end":{"line":6,"column":149}},"9":{"start":{"line":6,"column":97},"end":{"line":6,"column":119}},"10":{"start":{"line":7,"column":8},"end":{"line":7,"column":78}},"11":{"start":{"line":10,"column":0},"end":{"line":10,"column":62}},"12":{"start":{"line":11,"column":16},"end":{"line":11,"column":44}},"13":{"start":{"line":12,"column":22},"end":{"line":12,"column":57}},"14":{"start":{"line":14,"column":4},"end":{"line":50,"column":7}},"15":{"start":{"line":15,"column":23},"end":{"line":15,"column":25}},"16":{"start":{"line":16,"column":8},"end":{"line":18,"column":9}},"17":{"start":{"line":17,"column":12},"end":{"line":17,"column":72}},"18":{"start":{"line":19,"column":8},"end":{"line":21,"column":9}},"19":{"start":{"line":20,"column":12},"end":{"line":20,"column":70}},"20":{"start":{"line":22,"column":8},"end":{"line":27,"column":9}},"21":{"start":{"line":23,"column":12},"end":{"line":23,"column":59}},"22":{"start":{"line":26,"column":12},"end":{"line":26,"column":62}},"23":{"start":{"line":28,"column":8},"end":{"line":30,"column":9}},"24":{"start":{"line":29,"column":12},"end":{"line":29,"column":52}},"25":{"start":{"line":31,"column":20},"end":{"line":36,"column":10}},"26":{"start":{"line":37,"column":8},"end":{"line":45,"column":9}},"27":{"start":{"line":38,"column":12},"end":{"line":38,"column":29}},"28":{"start":{"line":41,"column":12},"end":{"line":43,"column":13}},"29":{"start":{"line":42,"column":16},"end":{"line":42,"column":129}},"30":{"start":{"line":44,"column":12},"end":{"line":44,"column":29}},"31":{"start":{"line":46,"column":23},"end":{"line":46,"column":37}},"32":{"start":{"line":47,"column":8},"end":{"line":47,"column":26}},"33":{"start":{"line":48,"column":8},"end":{"line":48,"column":26}},"34":{"start":{"line":49,"column":8},"end":{"line":49,"column":41}},"35":{"start":{"line":52,"column":0},"end":{"line":52,"column":38}},"36":{"start":{"line":54,"column":4},"end":{"line":110,"column":7}},"37":{"start":{"line":55,"column":23},"end":{"line":55,"column":25}},"38":{"start":{"line":56,"column":8},"end":{"line":58,"column":9}},"39":{"start":{"line":57,"column":12},"end":{"line":57,"column":62}},"40":{"start":{"line":59,"column":8},"end":{"line":61,"column":9}},"41":{"start":{"line":60,"column":12},"end":{"line":60,"column":63}},"42":{"start":{"line":62,"column":8},"end":{"line":64,"column":9}},"43":{"start":{"line":63,"column":12},"end":{"line":63,"column":67}},"44":{"start":{"line":65,"column":8},"end":{"line":67,"column":9}},"45":{"start":{"line":66,"column":12},"end":{"line":66,"column":52}},"46":{"start":{"line":69,"column":8},"end":{"line":74,"column":9}},"47":{"start":{"line":70,"column":12},"end":{"line":70,"column":89}},"48":{"start":{"line":73,"column":12},"end":{"line":73,"column":29}},"49":{"start":{"line":75,"column":26},"end":{"line":82,"column":9}},"50":{"start":{"line":83,"column":8},"end":{"line":109,"column":9}},"51":{"start":{"line":84,"column":12},"end":{"line":84,"column":104}},"52":{"start":{"line":87,"column":33},"end":{"line":89,"column":14}},"53":{"start":{"line":88,"column":16},"end":{"line":88,"column":57}},"54":{"start":{"line":90,"column":12},"end":{"line":108,"column":13}},"55":{"start":{"line":91,"column":16},"end":{"line":91,"column":119}},"56":{"start":{"line":94,"column":16},"end":{"line":94,"column":55}},"57":{"start":{"line":95,"column":16},"end":{"line":100,"column":17}},"58":{"start":{"line":96,"column":20},"end":{"line":96,"column":45}},"59":{"start":{"line":99,"column":20},"end":{"line":99,"column":37}},"60":{"start":{"line":101,"column":28},"end":{"line":101,"column":50}},"61":{"start":{"line":102,"column":16},"end":{"line":104,"column":24}},"62":{"start":{"line":103,"column":24},"end":{"line":103,"column":65}},"63":{"start":{"line":105,"column":16},"end":{"line":105,"column":31}},"64":{"start":{"line":106,"column":16},"end":{"line":106,"column":31}},"65":{"start":{"line":107,"column":16},"end":{"line":107,"column":41}},"66":{"start":{"line":112,"column":0},"end":{"line":112,"column":48}}},"fnMap":{"0":{"name":"(anonymous_0)","decl":{"start":{"line":2,"column":44},"end":{"line":2,"column":45}},"loc":{"start":{"line":2,"column":89},"end":{"line":9,"column":1}},"line":2},"1":{"name":"(anonymous_1)","decl":{"start":{"line":3,"column":36},"end":{"line":3,"column":37}},"loc":{"start":{"line":3,"column":63},"end":{"line":8,"column":5}},"line":3},"2":{"name":"fulfilled","decl":{"start":{"line":4,"column":17},"end":{"line":4,"column":26}},"loc":{"start":{"line":4,"column":34},"end":{"line":4,"column":99}},"line":4},"3":{"name":"rejected","decl":{"start":{"line":5,"column":17},"end":{"line":5,"column":25}},"loc":{"start":{"line":5,"column":33},"end":{"line":5,"column":102}},"line":5},"4":{"name":"step","decl":{"start":{"line":6,"column":17},"end":{"line":6,"column":21}},"loc":{"start":{"line":6,"column":30},"end":{"line":6,"column":151}},"line":6},"5":{"name":"(anonymous_5)","decl":{"start":{"line":6,"column":76},"end":{"line":6,"column":77}},"loc":{"start":{"line":6,"column":95},"end":{"line":6,"column":121}},"line":6},"6":{"name":"postCreateApp","decl":{"start":{"line":13,"column":9},"end":{"line":13,"column":22}},"loc":{"start":{"line":13,"column":39},"end":{"line":51,"column":1}},"line":13},"7":{"name":"(anonymous_7)","decl":{"start":{"line":14,"column":43},"end":{"line":14,"column":44}},"loc":{"start":{"line":14,"column":56},"end":{"line":50,"column":5}},"line":14},"8":{"name":"postCreatAlgorithm","decl":{"start":{"line":53,"column":9},"end":{"line":53,"column":27}},"loc":{"start":{"line":53,"column":44},"end":{"line":111,"column":1}},"line":53},"9":{"name":"(anonymous_9)","decl":{"start":{"line":54,"column":43},"end":{"line":54,"column":44}},"loc":{"start":{"line":54,"column":56},"end":{"line":110,"column":5}},"line":54},"10":{"name":"(anonymous_10)","decl":{"start":{"line":87,"column":61},"end":{"line":87,"column":62}},"loc":{"start":{"line":87,"column":71},"end":{"line":89,"column":13}},"line":87},"11":{"name":"(anonymous_11)","decl":{"start":{"line":102,"column":62},"end":{"line":102,"column":63}},"loc":{"start":{"line":102,"column":72},"end":{"line":104,"column":21}},"line":102}},"branchMap":{"0":{"loc":{"start":{"line":2,"column":16},"end":{"line":9,"column":1}},"type":"binary-expr","locations":[{"start":{"line":2,"column":17},"end":{"line":2,"column":21}},{"start":{"line":2,"column":25},"end":{"line":2,"column":39}},{"start":{"line":2,"column":44},"end":{"line":9,"column":1}}],"line":2},"1":{"loc":{"start":{"line":3,"column":16},"end":{"line":3,"column":34}},"type":"binary-expr","locations":[{"start":{"line":3,"column":16},"end":{"line":3,"column":17}},{"start":{"line":3,"column":22},"end":{"line":3,"column":33}}],"line":3},"2":{"loc":{"start":{"line":6,"column":32},"end":{"line":6,"column":148}},"type":"cond-expr","locations":[{"start":{"line":6,"column":46},"end":{"line":6,"column":67}},{"start":{"line":6,"column":70},"end":{"line":6,"column":148}}],"line":6},"3":{"loc":{"start":{"line":7,"column":51},"end":{"line":7,"column":67}},"type":"binary-expr","locations":[{"start":{"line":7,"column":51},"end":{"line":7,"column":61}},{"start":{"line":7,"column":65},"end":{"line":7,"column":67}}],"line":7},"4":{"loc":{"start":{"line":16,"column":8},"end":{"line":18,"column":9}},"type":"if","locations":[{"start":{"line":16,"column":8},"end":{"line":18,"column":9}},{"start":{"line":16,"column":8},"end":{"line":18,"column":9}}],"line":16},"5":{"loc":{"start":{"line":19,"column":8},"end":{"line":21,"column":9}},"type":"if","locations":[{"start":{"line":19,"column":8},"end":{"line":21,"column":9}},{"start":{"line":19,"column":8},"end":{"line":21,"column":9}}],"line":19},"6":{"loc":{"start":{"line":22,"column":8},"end":{"line":27,"column":9}},"type":"if","locations":[{"start":{"line":22,"column":8},"end":{"line":27,"column":9}},{"start":{"line":22,"column":8},"end":{"line":27,"column":9}}],"line":22},"7":{"loc":{"start":{"line":22,"column":12},"end":{"line":22,"column":75}},"type":"binary-expr","locations":[{"start":{"line":22,"column":12},"end":{"line":22,"column":51}},{"start":{"line":22,"column":55},"end":{"line":22,"column":75}}],"line":22},"8":{"loc":{"start":{"line":26,"column":35},"end":{"line":26,"column":61}},"type":"binary-expr","locations":[{"start":{"line":26,"column":35},"end":{"line":26,"column":55}},{"start":{"line":26,"column":59},"end":{"line":26,"column":61}}],"line":26},"9":{"loc":{"start":{"line":28,"column":8},"end":{"line":30,"column":9}},"type":"if","locations":[{"start":{"line":28,"column":8},"end":{"line":30,"column":9}},{"start":{"line":28,"column":8},"end":{"line":30,"column":9}}],"line":28},"10":{"loc":{"start":{"line":41,"column":12},"end":{"line":43,"column":13}},"type":"if","locations":[{"start":{"line":41,"column":12},"end":{"line":43,"column":13}},{"start":{"line":41,"column":12},"end":{"line":43,"column":13}}],"line":41},"11":{"loc":{"start":{"line":56,"column":8},"end":{"line":58,"column":9}},"type":"if","locations":[{"start":{"line":56,"column":8},"end":{"line":58,"column":9}},{"start":{"line":56,"column":8},"end":{"line":58,"column":9}}],"line":56},"12":{"loc":{"start":{"line":59,"column":8},"end":{"line":61,"column":9}},"type":"if","locations":[{"start":{"line":59,"column":8},"end":{"line":61,"column":9}},{"start":{"line":59,"column":8},"end":{"line":61,"column":9}}],"line":59},"13":{"loc":{"start":{"line":59,"column":12},"end":{"line":59,"column":81}},"type":"binary-expr","locations":[{"start":{"line":59,"column":12},"end":{"line":59,"column":47}},{"start":{"line":59,"column":51},"end":{"line":59,"column":81}}],"line":59},"14":{"loc":{"start":{"line":62,"column":8},"end":{"line":64,"column":9}},"type":"if","locations":[{"start":{"line":62,"column":8},"end":{"line":64,"column":9}},{"start":{"line":62,"column":8},"end":{"line":64,"column":9}}],"line":62},"15":{"loc":{"start":{"line":62,"column":12},"end":{"line":62,"column":75}},"type":"binary-expr","locations":[{"start":{"line":62,"column":12},"end":{"line":62,"column":51}},{"start":{"line":62,"column":55},"end":{"line":62,"column":75}}],"line":62},"16":{"loc":{"start":{"line":65,"column":8},"end":{"line":67,"column":9}},"type":"if","locations":[{"start":{"line":65,"column":8},"end":{"line":67,"column":9}},{"start":{"line":65,"column":8},"end":{"line":67,"column":9}}],"line":65},"17":{"loc":{"start":{"line":83,"column":8},"end":{"line":109,"column":9}},"type":"if","locations":[{"start":{"line":83,"column":8},"end":{"line":109,"column":9}},{"start":{"line":83,"column":8},"end":{"line":109,"column":9}}],"line":83},"18":{"loc":{"start":{"line":90,"column":12},"end":{"line":108,"column":13}},"type":"if","locations":[{"start":{"line":90,"column":12},"end":{"line":108,"column":13}},{"start":{"line":90,"column":12},"end":{"line":108,"column":13}}],"line":90}},"s":{"0":3,"1":13,"2":8,"3":8,"4":0,"5":1,"6":1,"7":0,"8":22,"9":9,"10":13,"11":3,"12":3,"13":3,"14":7,"15":7,"16":7,"17":2,"18":7,"19":2,"20":7,"21":0,"22":7,"23":7,"24":4,"25":3,"26":3,"27":3,"28":1,"29":1,"30":0,"31":2,"32":2,"33":2,"34":2,"35":3,"36":6,"37":6,"38":6,"39":0,"40":6,"41":1,"42":6,"43":1,"44":6,"45":2,"46":4,"47":4,"48":0,"49":4,"50":4,"51":1,"52":3,"53":1,"54":3,"55":1,"56":2,"57":2,"58":2,"59":0,"60":2,"61":2,"62":2,"63":2,"64":2,"65":2,"66":3},"f":{"0":13,"1":13,"2":8,"3":1,"4":22,"5":9,"6":7,"7":7,"8":6,"9":6,"10":1,"11":2},"b":{"0":[3,3,3],"1":[13,13],"2":[13,9],"3":[13,13],"4":[2,5],"5":[2,5],"6":[0,7],"7":[7,1],"8":[7,1],"9":[4,3],"10":[1,0],"11":[0,6],"12":[1,5],"13":[6,5],"14":[1,5],"15":[6,5],"16":[2,4],"17":[1,3],"18":[1,2]},"inputSourceMap":{"version":3,"file":"post.application.js","sourceRoot":"","sources":["post.application.ts"],"names":[],"mappings":";;;;;;;;;;AAEA,6CAA6C;AAC7C,0DAAoG;AAGpG,uBAAoC,GAAY,EAAE,GAAa,EAAE,IAAkB;;QACjF,MAAM,MAAM,GAAa,EAAE,CAAC;QAE5B,EAAE,CAAC,CAAC,CAAC,gBAAQ,CAAC,GAAG,CAAC,IAAI,CAAC,MAAM,EAAE,CAAC,CAAC,CAAC,CAAC,CAAC;YAClC,MAAM,CAAC,IAAI,CAAC,8CAA8C,CAAC,CAAC;QAC9D,CAAC;QAED,EAAE,CAAC,CAAC,CAAC,gBAAQ,CAAC,GAAG,CAAC,IAAI,CAAC,IAAI,EAAE,CAAC,CAAC,CAAC,CAAC,CAAC;YAChC,MAAM,CAAC,IAAI,CAAC,4CAA4C,CAAC,CAAC;QAC5D,CAAC;QAED,EAAE,CAAC,CAAC,CAAC,gBAAQ,CAAC,GAAG,CAAC,IAAI,CAAC,WAAW,CAAC,IAAI,GAAG,CAAC,IAAI,CAAC,WAAW,CAAC,CAAC,CAAC;YAC5D,MAAM,CAAC,IAAI,CAAC,iCAAiC,CAAC,CAAC;QACjD,CAAC;QACD,IAAI,CAAC,CAAC;YACJ,GAAG,CAAC,IAAI,CAAC,WAAW,GAAG,GAAG,CAAC,IAAI,CAAC,WAAW,IAAI,EAAE,CAAC;QACpD,CAAC;QAED,EAAE,CAAC,CAAC,MAAM,CAAC,MAAM,KAAK,CAAC,CAAC,CAAC,CAAC;YACxB,MAAM,CAAC,GAAG,CAAC,MAAM,CAAC,GAAG,CAAC,CAAC,IAAI,CAAC,EAAE,MAAM,EAAE,CAAC,CAAC;QAC1C,CAAC;QAED,MAAM,GAAG,GAAG,IAAI,qBAAW,CAAC;YAC1B,MAAM,EAAE,GAAG,CAAC,IAAI,CAAC,MAAM;YACvB,IAAI,EAAE,GAAG,CAAC,IAAI,CAAC,IAAI;YACnB,WAAW,EAAE,GAAG,CAAC,IAAI,CAAC,WAAW;YACjC,UAAU,EAAE,EAAE;SACf,CAAC,CAAC;QAEH,IAAI,CAAC;YACH,MAAM,GAAG,CAAC,IAAI,EAAE,CAAC;QACnB,CAAC;QACD,KAAK,CAAC,CAAC,GAAG,CAAC,CAAC,CAAC;YACX,EAAE,CAAC,CAAC,GAAG,CAAC,IAAI,KAAK,KAAK,CAAC,CAAC,CAAC;gBACvB,MAAM,CAAC,GAAG,CAAC,MAAM,CAAC,GAAG,CAAC,CAAC,IAAI,CAAC,EAAE,MAAM,EAAE,CAAC,qEAAqE,CAAC,EAAE,CAAC,CAAC;YACnH,CAAC;YACD,MAAM,CAAC,IAAI,CAAC,GAAG,CAAC,CAAC;QACnB,CAAC;QAED,MAAM,MAAM,GAAG,GAAG,CAAC,QAAQ,EAAE,CAAC;QAC9B,OAAO,MAAM,CAAC,GAAG,CAAC;QAClB,OAAO,MAAM,CAAC,GAAG,CAAC;QAElB,MAAM,CAAC,GAAG,CAAC,IAAI,CAAC,EAAE,GAAG,EAAE,MAAM,EAAE,CAAC,CAAC;IACnC,CAAC;CAAA;AA5CD,sCA4CC;AAED,4BAAyC,GAAY,EAAE,GAAa,EAAE,IAAkB;;QACtF,MAAM,MAAM,GAAa,EAAE,CAAC;QAE5B,EAAE,CAAC,CAAC,CAAC,gBAAQ,CAAC,GAAG,CAAC,IAAI,CAAC,MAAM,CAAC,CAAC,CAAC,CAAC;YAC/B,MAAM,CAAC,IAAI,CAAC,oCAAoC,CAAC,CAAC;QACpD,CAAC;QAED,EAAE,CAAC,CAAC,CAAC,gBAAQ,CAAC,GAAG,CAAC,IAAI,CAAC,OAAO,CAAC,IAAI,MAAM,CAAC,KAAK,CAAC,GAAG,CAAC,IAAI,CAAC,OAAO,CAAC,CAAC,CAAC,CAAC;YAClE,MAAM,CAAC,IAAI,CAAC,qCAAqC,CAAC,CAAC;QACrD,CAAC;QAED,EAAE,CAAC,CAAC,CAAC,gBAAQ,CAAC,GAAG,CAAC,IAAI,CAAC,WAAW,CAAC,IAAI,GAAG,CAAC,IAAI,CAAC,WAAW,CAAC,CAAC,CAAC;YAC5D,MAAM,CAAC,IAAI,CAAC,yCAAyC,CAAC,CAAC;QACzD,CAAC;QAED,EAAE,CAAC,CAAC,MAAM,CAAC,MAAM,KAAK,CAAC,CAAC,CAAC,CAAC;YACxB,MAAM,CAAC,GAAG,CAAC,MAAM,CAAC,GAAG,CAAC,CAAC,IAAI,CAAC,EAAE,MAAM,EAAE,CAAC,CAAC;QAC1C,CAAC;QAED,IAAI,WAA6B,CAAC;QAElC,IAAI,CAAC;YACH,WAAW,GAAqB,CAAC,MAAM,qBAAW,CAAC,OAAO,CAAC,EAAE,EAAE,EAAE,GAAG,CAAC,IAAI,CAAC,MAAM,EAAE,CAAC,CAAC,CAAC;QACvF,CAAC;QACD,KAAK,CAAC,CAAC,GAAG,CAAC,CAAC,CAAC;YACX,MAAM,CAAC,IAAI,CAAC,GAAG,CAAC,CAAC;QACnB,CAAC;QAED,MAAM,SAAS,GAAmB;YAChC,OAAO,EAAE,GAAG,CAAC,IAAI,CAAC,OAAO;YACzB,WAAW,EAAE,GAAG,CAAC,IAAI,CAAC,WAAW;YACjC,QAAQ,EAAE,SAAS;YACnB,KAAK,EAAE,EAAE;YACT,UAAU,EAAE,EAAE;YACd,MAAM,EAAE,EAAG;SACZ,CAAC;QAEF,EAAE,CAAC,CAAC,CAAC,WAAW,CAAC,CAAC,CAAC;YACjB,MAAM,CAAC,GAAG,CAAC,MAAM,CAAC,GAAG,CAAC,CAAC,IAAI,CAAC,EAAE,MAAM,EAAE,CAAC,gDAAgD,CAAC,EAAE,CAAC,CAAC;QAC9F,CAAC;QACD,IAAI,CAAC,CAAC;YACJ,MAAM,YAAY,GAAG,WAAW,CAAC,UAAU,CAAC,IAAI,CAAC,CAAC,IAAI,EAAE,EAAE;gBACxD,MAAM,CAAC,IAAI,CAAC,OAAO,IAAI,SAAS,CAAC,OAAO,CAAC;YAC3C,CAAC,CAAC,CAAC;YAEH,EAAE,CAAC,CAAC,YAAY,CAAC,CAAC,CAAC;gBACjB,MAAM,CAAC,GAAG,CAAC,MAAM,CAAC,GAAG,CAAC,CAAC,IAAI,CAAC,EAAE,MAAM,EAAE,CAAC,2DAA2D,CAAC,EAAE,CAAC,CAAC;YACzG,CAAC;YACD,IAAI,CAAC,CAAC;gBACJ,WAAW,CAAC,UAAU,CAAC,IAAI,CAAC,SAAS,CAAC,CAAC;gBAEvC,IAAI,CAAC;oBACH,MAAM,WAAW,CAAC,IAAI,EAAE,CAAC;gBAC3B,CAAC;gBACD,KAAK,CAAC,CAAC,GAAG,CAAC,CAAC,CAAC;oBACX,MAAM,CAAC,IAAI,CAAC,GAAG,CAAC,CAAC;gBACnB,CAAC;gBACD,MAAM,GAAG,GAAG,WAAW,CAAC,QAAQ,EAAE,CAAC;gBACnC,GAAG,CAAC,UAAU,GAAG,CAAC,WAAW,CAAC,UAAU,CAAC,IAAI,CAAC,CAAC,IAAI,EAAE,EAAE;wBACrD,MAAM,CAAC,IAAI,CAAC,OAAO,IAAI,SAAS,CAAC,OAAO,CAAC;oBAC3C,CAAC,CAAC,CAAC,CAAC;gBACJ,OAAO,GAAG,CAAC,GAAG,CAAC;gBACf,OAAO,GAAG,CAAC,GAAG,CAAC;gBAEf,MAAM,CAAC,GAAG,CAAC,IAAI,CAAC,EAAE,GAAG,EAAE,CAAC,CAAC;YAC3B,CAAC;QACH,CAAC;IACH,CAAC;CAAA;AAnED,gDAmEC","sourcesContent":["import { Request, Response, NextFunction } from \"express\";\r\n\r\nimport { isString } from \"../../utils/utils\";\r\nimport { default as Application, ApplicationModel, AlgorithmModel } from \"../../models/Application\";\r\n\r\n\r\nexport async function postCreateApp(req: Request, res: Response, next: NextFunction) {\r\n  const errors: string[] = [];\r\n\r\n  if (!isString(req.body.author, 3)) {\r\n    errors.push(\"`author` must be at least 3 characters long.\");\r\n  }\r\n\r\n  if (!isString(req.body.name, 3)) {\r\n    errors.push(\"`name` must be at least 3 characters long.\");\r\n  }\r\n\r\n  if (!isString(req.body.description) && req.body.description) {\r\n    errors.push(\"`description` must be a string.\");\r\n  }\r\n  else {\r\n    req.body.description = req.body.description || \"\";\r\n  }\r\n\r\n  if (errors.length !== 0) {\r\n    return res.status(400).json({ errors });\r\n  }\r\n\r\n  const app = new Application({\r\n    author: req.body.author,\r\n    name: req.body.name,\r\n    description: req.body.description,\r\n    algorithms: []\r\n  });\r\n\r\n  try {\r\n    await app.save();\r\n  }\r\n  catch (err) {\r\n    if (err.code === 11000) {\r\n      return res.status(400).json({ errors: [\"There is already an application with the specified name and author.\"] });\r\n    }\r\n    return next(err);\r\n  }\r\n\r\n  const resApp = app.toObject();\r\n  delete resApp._id;\r\n  delete resApp.__v;\r\n\r\n  return res.json({ app: resApp });\r\n}\r\n\r\nexport async function postCreatAlgorithm(req: Request, res: Response, next: NextFunction) {\r\n  const errors: string[] = [];\r\n\r\n  if (!isString(req.body.app_id)) {\r\n    errors.push(\"Failed to cast `app_id` to string.\");\r\n  }\r\n\r\n  if (!isString(req.body.version) || Number.isNaN(req.body.version)) {\r\n    errors.push(\"Failed to cast `version` to string.\");\r\n  }\r\n\r\n  if (!isString(req.body.description) && req.body.description) {\r\n    errors.push(\"Failed to cast `description` to string.\");\r\n  }\r\n\r\n  if (errors.length !== 0) {\r\n    return res.status(400).json({ errors });\r\n  }\r\n\r\n  let existingApp: ApplicationModel;\r\n\r\n  try {\r\n    existingApp = <ApplicationModel>(await Application.findOne({ id: req.body.app_id }));\r\n  }\r\n  catch (err) {\r\n    return next(err);\r\n  }\r\n\r\n  const algorithm: AlgorithmModel = {\r\n    version: req.body.version,\r\n    description: req.body.description,\r\n    entryApp: undefined,\r\n    files: [],\r\n    parameters: [],\r\n    output: { }\r\n  };\r\n\r\n  if (!existingApp) {\r\n    return res.status(400).json({ errors: [\"There is no application with the specified id.\"] });\r\n  }\r\n  else {\r\n    const existingAlgo = existingApp.algorithms.find((elem) => {\r\n      return elem.version == algorithm.version;\r\n    });\r\n\r\n    if (existingAlgo) {\r\n      return res.status(400).json({ errors: [\"There is already an algorithm with the specified version.\"] });\r\n    }\r\n    else {\r\n      existingApp.algorithms.push(algorithm);\r\n\r\n      try {\r\n        await existingApp.save();\r\n      }\r\n      catch (err) {\r\n        return next(err);\r\n      }\r\n      const app = existingApp.toObject();\r\n      app.algorithms = [existingApp.algorithms.find((elem) => {\r\n        return elem.version == algorithm.version;\r\n      })];\r\n      delete app._id;\r\n      delete app.__v;\r\n\r\n      return res.send({ app });\r\n    }\r\n  }\r\n}\r\n"]},"_coverageSchema":"332fd63041d2c1bcb487cc26dd0d5f7d97098a6c","hash":"1db64c8a5bc4363dd2809d28b0cef22d309d0042"}
,"/usr/src/app/src/controllers/app.creation/post.output.ts": {"path":"/usr/src/app/src/controllers/app.creation/post.output.ts","statementMap":{"0":{"start":{"line":2,"column":16},"end":{"line":9,"column":1}},"1":{"start":{"line":3,"column":4},"end":{"line":8,"column":7}},"2":{"start":{"line":4,"column":36},"end":{"line":4,"column":97}},"3":{"start":{"line":4,"column":42},"end":{"line":4,"column":70}},"4":{"start":{"line":4,"column":85},"end":{"line":4,"column":95}},"5":{"start":{"line":5,"column":35},"end":{"line":5,"column":100}},"6":{"start":{"line":5,"column":41},"end":{"line":5,"column":73}},"7":{"start":{"line":5,"column":88},"end":{"line":5,"column":98}},"8":{"start":{"line":6,"column":32},"end":{"line":6,"column":149}},"9":{"start":{"line":6,"column":97},"end":{"line":6,"column":119}},"10":{"start":{"line":7,"column":8},"end":{"line":7,"column":78}},"11":{"start":{"line":10,"column":0},"end":{"line":10,"column":62}},"12":{"start":{"line":11,"column":22},"end":{"line":11,"column":57}},"13":{"start":{"line":13,"column":4},"end":{"line":49,"column":7}},"14":{"start":{"line":15,"column":8},"end":{"line":20,"column":9}},"15":{"start":{"line":16,"column":12},"end":{"line":16,"column":127}},"16":{"start":{"line":19,"column":12},"end":{"line":19,"column":29}},"17":{"start":{"line":21,"column":8},"end":{"line":23,"column":9}},"18":{"start":{"line":22,"column":12},"end":{"line":22,"column":111}},"19":{"start":{"line":24,"column":26},"end":{"line":26,"column":10}},"20":{"start":{"line":25,"column":12},"end":{"line":25,"column":50}},"21":{"start":{"line":27,"column":8},"end":{"line":27,"column":43}},"22":{"start":{"line":28,"column":23},"end":{"line":28,"column":25}},"23":{"start":{"line":29,"column":8},"end":{"line":34,"column":9}},"24":{"start":{"line":30,"column":12},"end":{"line":30,"column":41}},"25":{"start":{"line":33,"column":12},"end":{"line":33,"column":47}},"26":{"start":{"line":35,"column":8},"end":{"line":37,"column":9}},"27":{"start":{"line":36,"column":12},"end":{"line":36,"column":48}},"28":{"start":{"line":38,"column":8},"end":{"line":43,"column":9}},"29":{"start":{"line":39,"column":12},"end":{"line":39,"column":37}},"30":{"start":{"line":42,"column":12},"end":{"line":42,"column":29}},"31":{"start":{"line":44,"column":20},"end":{"line":44,"column":42}},"32":{"start":{"line":45,"column":8},"end":{"line":45,"column":37}},"33":{"start":{"line":46,"column":8},"end":{"line":46,"column":23}},"34":{"start":{"line":47,"column":8},"end":{"line":47,"column":23}},"35":{"start":{"line":48,"column":8},"end":{"line":48,"column":33}},"36":{"start":{"line":51,"column":0},"end":{"line":51,"column":35}},"37":{"start":{"line":53,"column":4},"end":{"line":62,"column":5}},"38":{"start":{"line":54,"column":8},"end":{"line":61,"column":9}},"39":{"start":{"line":55,"column":22},"end":{"line":55,"column":48}},"40":{"start":{"line":56,"column":24},"end":{"line":56,"column":60}},"41":{"start":{"line":57,"column":12},"end":{"line":60,"column":14}}},"fnMap":{"0":{"name":"(anonymous_0)","decl":{"start":{"line":2,"column":44},"end":{"line":2,"column":45}},"loc":{"start":{"line":2,"column":89},"end":{"line":9,"column":1}},"line":2},"1":{"name":"(anonymous_1)","decl":{"start":{"line":3,"column":36},"end":{"line":3,"column":37}},"loc":{"start":{"line":3,"column":63},"end":{"line":8,"column":5}},"line":3},"2":{"name":"fulfilled","decl":{"start":{"line":4,"column":17},"end":{"line":4,"column":26}},"loc":{"start":{"line":4,"column":34},"end":{"line":4,"column":99}},"line":4},"3":{"name":"rejected","decl":{"start":{"line":5,"column":17},"end":{"line":5,"column":25}},"loc":{"start":{"line":5,"column":33},"end":{"line":5,"column":102}},"line":5},"4":{"name":"step","decl":{"start":{"line":6,"column":17},"end":{"line":6,"column":21}},"loc":{"start":{"line":6,"column":30},"end":{"line":6,"column":151}},"line":6},"5":{"name":"(anonymous_5)","decl":{"start":{"line":6,"column":76},"end":{"line":6,"column":77}},"loc":{"start":{"line":6,"column":95},"end":{"line":6,"column":121}},"line":6},"6":{"name":"postUpdateOutput","decl":{"start":{"line":12,"column":9},"end":{"line":12,"column":25}},"loc":{"start":{"line":12,"column":42},"end":{"line":50,"column":1}},"line":12},"7":{"name":"(anonymous_7)","decl":{"start":{"line":13,"column":43},"end":{"line":13,"column":44}},"loc":{"start":{"line":13,"column":56},"end":{"line":49,"column":5}},"line":13},"8":{"name":"(anonymous_8)","decl":{"start":{"line":24,"column":54},"end":{"line":24,"column":55}},"loc":{"start":{"line":24,"column":64},"end":{"line":26,"column":9}},"line":24},"9":{"name":"handleValidationError","decl":{"start":{"line":52,"column":9},"end":{"line":52,"column":30}},"loc":{"start":{"line":52,"column":41},"end":{"line":63,"column":1}},"line":52}},"branchMap":{"0":{"loc":{"start":{"line":2,"column":16},"end":{"line":9,"column":1}},"type":"binary-expr","locations":[{"start":{"line":2,"column":17},"end":{"line":2,"column":21}},{"start":{"line":2,"column":25},"end":{"line":2,"column":39}},{"start":{"line":2,"column":44},"end":{"line":9,"column":1}}],"line":2},"1":{"loc":{"start":{"line":3,"column":16},"end":{"line":3,"column":34}},"type":"binary-expr","locations":[{"start":{"line":3,"column":16},"end":{"line":3,"column":17}},{"start":{"line":3,"column":22},"end":{"line":3,"column":33}}],"line":3},"2":{"loc":{"start":{"line":6,"column":32},"end":{"line":6,"column":148}},"type":"cond-expr","locations":[{"start":{"line":6,"column":46},"end":{"line":6,"column":67}},{"start":{"line":6,"column":70},"end":{"line":6,"column":148}}],"line":6},"3":{"loc":{"start":{"line":7,"column":51},"end":{"line":7,"column":67}},"type":"binary-expr","locations":[{"start":{"line":7,"column":51},"end":{"line":7,"column":61}},{"start":{"line":7,"column":65},"end":{"line":7,"column":67}}],"line":7},"4":{"loc":{"start":{"line":21,"column":8},"end":{"line":23,"column":9}},"type":"if","locations":[{"start":{"line":21,"column":8},"end":{"line":23,"column":9}},{"start":{"line":21,"column":8},"end":{"line":23,"column":9}}],"line":21},"5":{"loc":{"start":{"line":35,"column":8},"end":{"line":37,"column":9}},"type":"if","locations":[{"start":{"line":35,"column":8},"end":{"line":37,"column":9}},{"start":{"line":35,"column":8},"end":{"line":37,"column":9}}],"line":35},"6":{"loc":{"start":{"line":54,"column":8},"end":{"line":61,"column":9}},"type":"if","locations":[{"start":{"line":54,"column":8},"end":{"line":61,"column":9}},{"start":{"line":54,"column":8},"end":{"line":61,"column":9}}],"line":54},"7":{"loc":{"start":{"line":56,"column":24},"end":{"line":56,"column":60}},"type":"cond-expr","locations":[{"start":{"line":56,"column":37},"end":{"line":56,"column":55}},{"start":{"line":56,"column":58},"end":{"line":56,"column":60}}],"line":56}},"s":{"0":3,"1":0,"2":0,"3":0,"4":0,"5":0,"6":0,"7":0,"8":0,"9":0,"10":0,"11":3,"12":3,"13":0,"14":0,"15":0,"16":0,"17":0,"18":0,"19":0,"20":0,"21":0,"22":0,"23":0,"24":0,"25":0,"26":0,"27":0,"28":0,"29":0,"30":0,"31":0,"32":0,"33":0,"34":0,"35":0,"36":3,"37":0,"38":0,"39":0,"40":0,"41":0},"f":{"0":0,"1":0,"2":0,"3":0,"4":0,"5":0,"6":0,"7":0,"8":0,"9":0},"b":{"0":[3,3,3],"1":[0,0],"2":[0,0],"3":[0,0],"4":[0,0],"5":[0,0],"6":[0,0],"7":[0,0]},"inputSourceMap":{"version":3,"file":"post.output.js","sourceRoot":"","sources":["post.output.ts"],"names":[],"mappings":";;;;;;;;;;AAGA,0DAAgI;AAGhI,0BAA+C,GAAY,EAAE,GAAa,EAAE,IAAkB;;QAC5F,IAAI,WAA6B,CAAC;QAElC,IAAI,CAAC;YACH,WAAW,GAAqB,CAAC,MAAM,qBAAW,CAAC,OAAO,CAAC,EAAE,EAAE,EAAE,GAAG,CAAC,IAAI,CAAC,MAAM,EAAE,eAAe,EAAE,GAAG,CAAC,IAAI,CAAC,UAAU,EAAE,CAAC,CAAC,CAAC;QAC7H,CAAC;QACD,KAAK,CAAC,CAAC,GAAG,CAAC,CAAC,CAAC;YACX,MAAM,CAAC,IAAI,CAAC,GAAG,CAAC,CAAC;QACnB,CAAC;QAED,EAAE,CAAC,CAAC,CAAC,WAAW,CAAC,CAAC,CAAC;YACjB,MAAM,CAAC,GAAG,CAAC,MAAM,CAAC,GAAG,CAAC,CAAC,IAAI,CAAC,EAAE,QAAQ,EAAE,CAAC,qDAAqD,CAAC,EAAE,CAAC,CAAC;QACrG,CAAC;QAED,MAAM,SAAS,GAAG,WAAW,CAAC,UAAU,CAAC,IAAI,CAAC,CAAC,IAAI,EAAE,EAAE;YACrD,MAAM,CAAC,IAAI,CAAC,EAAE,IAAI,GAAG,CAAC,IAAI,CAAC,UAAU,CAAC;QACxC,CAAC,CAAC,CAAC;QAEH,SAAS,CAAC,MAAM,GAAG,GAAG,CAAC,IAAI,CAAC,MAAM,CAAC;QAEnC,MAAM,MAAM,GAAQ,EAAE,CAAC;QAEvB,IAAI,CAAC;YACH,MAAM,WAAW,CAAC,QAAQ,EAAE,CAAC;QAC/B,CAAC;QACD,KAAK,CAAC,CAAC,GAAG,CAAC,CAAC,CAAC;YACX,qBAAqB,CAAC,GAAG,EAAE,MAAM,CAAC,CAAC;QACrC,CAAC;QAED,EAAE,CAAC,CAAC,MAAM,CAAC,IAAI,CAAC,MAAM,CAAC,CAAC,MAAM,KAAK,CAAC,CAAC,CAAC,CAAC;YACrC,MAAM,CAAC,GAAG,CAAC,MAAM,CAAC,GAAG,CAAC,CAAC,IAAI,CAAC,MAAM,CAAC,CAAC;QACtC,CAAC;QAED,IAAI,CAAC;YACH,MAAM,WAAW,CAAC,IAAI,EAAE,CAAC;QAC3B,CAAC;QACD,KAAK,CAAC,CAAC,GAAG,CAAC,CAAC,CAAC;YACX,MAAM,CAAC,IAAI,CAAC,GAAG,CAAC,CAAC;QACnB,CAAC;QAED,MAAM,GAAG,GAAG,WAAW,CAAC,QAAQ,EAAE,CAAC;QACnC,GAAG,CAAC,UAAU,GAAG,CAAC,SAAS,CAAC,CAAC;QAC7B,OAAO,GAAG,CAAC,GAAG,CAAC;QACf,OAAO,GAAG,CAAC,GAAG,CAAC;QAEf,MAAM,CAAC,GAAG,CAAC,IAAI,CAAC,EAAE,GAAG,EAAE,CAAC,CAAC;IAC3B,CAAC;CAAA;AA9CD,mCA8CC;AAED,+BAA+B,GAAQ,EAAE,GAAQ;IAC/C,GAAG,CAAC,CAAC,MAAM,QAAQ,IAAI,GAAG,CAAC,MAAM,CAAC,CAAC,CAAC;QAClC,EAAE,CAAC,CAAC,GAAG,CAAC,MAAM,CAAC,cAAc,CAAC,QAAQ,CAAC,CAAC,CAAC,CAAC;YACxC,MAAM,CAAC,GAAG,QAAQ,CAAC,OAAO,CAAC,QAAQ,CAAC,CAAC;YACrC,MAAM,GAAG,GAAG,CAAC,CAAC,KAAK,CAAC,CAAC,CAAC,CAAC,CAAC,CAAC,QAAQ,CAAC,MAAM,CAAC,CAAC,CAAC,CAAC,CAAC,CAAC,EAAE,CAAC;YACjD,GAAG,CAAC,GAAG,CAAC,GAAG;gBACT,QAAQ,EAAE,CAAC,GAAG,CAAC,MAAM,CAAC,QAAQ,CAAC,CAAC,OAAO,CAAC;gBACxC,KAAK,EAAE,GAAG,CAAC,MAAM,CAAC,QAAQ,CAAC,CAAC,KAAK;aAClC,CAAC;QACJ,CAAC;IACH,CAAC;AACH,CAAC","sourcesContent":["import { Request, Response, NextFunction } from \"express\";\r\nimport { isArray, isString } from \"util\";\r\n\r\nimport { default as Application, ApplicationModel, ParameterModel, ParameterType, OutputModel } from \"../../models/Application\";\r\n\r\n\r\nexport default async function postUpdateOutput(req: Request, res: Response, next: NextFunction) {\r\n  let existingApp: ApplicationModel;\r\n\r\n  try {\r\n    existingApp = <ApplicationModel>(await Application.findOne({ id: req.body.app_id, \"algorithms.id\": req.body.version_id }));\r\n  }\r\n  catch (err) {\r\n    return next(err);\r\n  }\r\n\r\n  if (!existingApp) {\r\n    return res.status(400).json({ messages: [\"`app_id` and/or `algorithms.id` are non registered.\"] });\r\n  }\r\n\r\n  const algorithm = existingApp.algorithms.find((elem) => {\r\n    return elem.id == req.body.version_id;\r\n  });\r\n\r\n  algorithm.output = req.body.output;\r\n\r\n  const resObj: any = {};\r\n\r\n  try {\r\n    await existingApp.validate();\r\n  }\r\n  catch (err) {\r\n    handleValidationError(err, resObj);\r\n  }\r\n\r\n  if (Object.keys(resObj).length !== 0) {\r\n    return res.status(400).json(resObj);\r\n  }\r\n\r\n  try {\r\n    await existingApp.save();\r\n  }\r\n  catch (err) {\r\n    return next(err);\r\n  }\r\n\r\n  const app = existingApp.toObject();\r\n  app.algorithms = [algorithm];\r\n  delete app._id;\r\n  delete app.__v;\r\n\r\n  return res.json({ app });\r\n}\r\n\r\nfunction handleValidationError(err: any, res: any) {\r\n  for (const property in err.errors) {\r\n    if (err.errors.hasOwnProperty(property)) {\r\n      const i = property.indexOf(\"output\");\r\n      const key = (i !== -1) ? property.substr(i) : \"\";\r\n      res[key] = {\r\n        messages: [err.errors[property].message],\r\n        value: err.errors[property].value\r\n      };\r\n    }\r\n  }\r\n}\r\n"]},"_coverageSchema":"332fd63041d2c1bcb487cc26dd0d5f7d97098a6c","hash":"5c576bd6fa7721783eaadbc25c1d52fbce4768df"}
,"/usr/src/app/src/controllers/app.creation/post.parameter.ts": {"path":"/usr/src/app/src/controllers/app.creation/post.parameter.ts","statementMap":{"0":{"start":{"line":2,"column":16},"end":{"line":9,"column":1}},"1":{"start":{"line":3,"column":4},"end":{"line":8,"column":7}},"2":{"start":{"line":4,"column":36},"end":{"line":4,"column":97}},"3":{"start":{"line":4,"column":42},"end":{"line":4,"column":70}},"4":{"start":{"line":4,"column":85},"end":{"line":4,"column":95}},"5":{"start":{"line":5,"column":35},"end":{"line":5,"column":100}},"6":{"start":{"line":5,"column":41},"end":{"line":5,"column":73}},"7":{"start":{"line":5,"column":88},"end":{"line":5,"column":98}},"8":{"start":{"line":6,"column":32},"end":{"line":6,"column":149}},"9":{"start":{"line":6,"column":97},"end":{"line":6,"column":119}},"10":{"start":{"line":7,"column":8},"end":{"line":7,"column":78}},"11":{"start":{"line":10,"column":0},"end":{"line":10,"column":62}},"12":{"start":{"line":11,"column":16},"end":{"line":11,"column":38}},"13":{"start":{"line":12,"column":22},"end":{"line":12,"column":57}},"14":{"start":{"line":14,"column":4},"end":{"line":82,"column":7}},"15":{"start":{"line":15,"column":23},"end":{"line":15,"column":25}},"16":{"start":{"line":16,"column":8},"end":{"line":18,"column":9}},"17":{"start":{"line":17,"column":12},"end":{"line":17,"column":61}},"18":{"start":{"line":19,"column":8},"end":{"line":24,"column":9}},"19":{"start":{"line":20,"column":12},"end":{"line":20,"column":73}},"20":{"start":{"line":23,"column":12},"end":{"line":23,"column":161}},"21":{"start":{"line":25,"column":8},"end":{"line":27,"column":9}},"22":{"start":{"line":26,"column":12},"end":{"line":26,"column":62}},"23":{"start":{"line":29,"column":8},"end":{"line":34,"column":9}},"24":{"start":{"line":30,"column":12},"end":{"line":30,"column":127}},"25":{"start":{"line":33,"column":12},"end":{"line":33,"column":29}},"26":{"start":{"line":35,"column":8},"end":{"line":81,"column":9}},"27":{"start":{"line":36,"column":12},"end":{"line":36,"column":111}},"28":{"start":{"line":39,"column":30},"end":{"line":41,"column":14}},"29":{"start":{"line":40,"column":16},"end":{"line":40,"column":54}},"30":{"start":{"line":42,"column":12},"end":{"line":44,"column":13}},"31":{"start":{"line":43,"column":16},"end":{"line":43,"column":135}},"32":{"start":{"line":45,"column":12},"end":{"line":48,"column":14}},"33":{"start":{"line":49,"column":12},"end":{"line":49,"column":38}},"34":{"start":{"line":50,"column":12},"end":{"line":50,"column":81}},"35":{"start":{"line":51,"column":12},"end":{"line":80,"column":13}},"36":{"start":{"line":52,"column":31},"end":{"line":52,"column":33}},"37":{"start":{"line":53,"column":26},"end":{"line":53,"column":27}},"38":{"start":{"line":54,"column":16},"end":{"line":57,"column":19}},"39":{"start":{"line":55,"column":20},"end":{"line":55,"column":55}},"40":{"start":{"line":56,"column":20},"end":{"line":56,"column":57}},"41":{"start":{"line":58,"column":31},"end":{"line":58,"column":33}},"42":{"start":{"line":59,"column":16},"end":{"line":64,"column":17}},"43":{"start":{"line":60,"column":20},"end":{"line":60,"column":49}},"44":{"start":{"line":63,"column":20},"end":{"line":63,"column":55}},"45":{"start":{"line":65,"column":16},"end":{"line":65,"column":85}},"46":{"start":{"line":66,"column":16},"end":{"line":68,"column":17}},"47":{"start":{"line":67,"column":20},"end":{"line":67,"column":56}},"48":{"start":{"line":69,"column":16},"end":{"line":74,"column":17}},"49":{"start":{"line":70,"column":20},"end":{"line":70,"column":45}},"50":{"start":{"line":73,"column":20},"end":{"line":73,"column":37}},"51":{"start":{"line":75,"column":28},"end":{"line":75,"column":50}},"52":{"start":{"line":76,"column":16},"end":{"line":76,"column":45}},"53":{"start":{"line":77,"column":16},"end":{"line":77,"column":31}},"54":{"start":{"line":78,"column":16},"end":{"line":78,"column":31}},"55":{"start":{"line":79,"column":16},"end":{"line":79,"column":41}},"56":{"start":{"line":84,"column":0},"end":{"line":84,"column":39}},"57":{"start":{"line":86,"column":4},"end":{"line":86,"column":106}},"58":{"start":{"line":87,"column":4},"end":{"line":87,"column":29}},"59":{"start":{"line":88,"column":4},"end":{"line":88,"column":48}},"60":{"start":{"line":89,"column":4},"end":{"line":89,"column":60}},"61":{"start":{"line":90,"column":4},"end":{"line":90,"column":65}},"62":{"start":{"line":91,"column":4},"end":{"line":91,"column":69}},"63":{"start":{"line":92,"column":4},"end":{"line":92,"column":101}},"64":{"start":{"line":95,"column":4},"end":{"line":104,"column":5}},"65":{"start":{"line":96,"column":8},"end":{"line":103,"column":9}},"66":{"start":{"line":97,"column":22},"end":{"line":97,"column":52}},"67":{"start":{"line":98,"column":24},"end":{"line":98,"column":60}},"68":{"start":{"line":99,"column":12},"end":{"line":102,"column":14}},"69":{"start":{"line":107,"column":4},"end":{"line":116,"column":5}},"70":{"start":{"line":108,"column":20},"end":{"line":108,"column":62}},"71":{"start":{"line":109,"column":8},"end":{"line":115,"column":9}},"72":{"start":{"line":110,"column":12},"end":{"line":114,"column":13}},"73":{"start":{"line":111,"column":30},"end":{"line":111,"column":93}},"74":{"start":{"line":112,"column":16},"end":{"line":112,"column":88}},"75":{"start":{"line":113,"column":16},"end":{"line":113,"column":89}},"76":{"start":{"line":119,"column":19},"end":{"line":119,"column":57}},"77":{"start":{"line":120,"column":4},"end":{"line":130,"column":5}},"78":{"start":{"line":121,"column":8},"end":{"line":121,"column":167}},"79":{"start":{"line":124,"column":8},"end":{"line":126,"column":9}},"80":{"start":{"line":125,"column":12},"end":{"line":125,"column":198}},"81":{"start":{"line":127,"column":8},"end":{"line":129,"column":9}},"82":{"start":{"line":128,"column":12},"end":{"line":128,"column":201}},"83":{"start":{"line":131,"column":4},"end":{"line":133,"column":5}},"84":{"start":{"line":132,"column":8},"end":{"line":132,"column":107}},"85":{"start":{"line":134,"column":4},"end":{"line":136,"column":5}},"86":{"start":{"line":135,"column":8},"end":{"line":135,"column":96}},"87":{"start":{"line":137,"column":4},"end":{"line":139,"column":5}},"88":{"start":{"line":138,"column":8},"end":{"line":138,"column":26}},"89":{"start":{"line":140,"column":4},"end":{"line":148,"column":5}},"90":{"start":{"line":141,"column":16},"end":{"line":141,"column":17}},"91":{"start":{"line":142,"column":8},"end":{"line":147,"column":9}},"92":{"start":{"line":143,"column":12},"end":{"line":145,"column":13}},"93":{"start":{"line":144,"column":16},"end":{"line":144,"column":175}},"94":{"start":{"line":146,"column":12},"end":{"line":146,"column":16}},"95":{"start":{"line":149,"column":4},"end":{"line":149,"column":18}}},"fnMap":{"0":{"name":"(anonymous_0)","decl":{"start":{"line":2,"column":44},"end":{"line":2,"column":45}},"loc":{"start":{"line":2,"column":89},"end":{"line":9,"column":1}},"line":2},"1":{"name":"(anonymous_1)","decl":{"start":{"line":3,"column":36},"end":{"line":3,"column":37}},"loc":{"start":{"line":3,"column":63},"end":{"line":8,"column":5}},"line":3},"2":{"name":"fulfilled","decl":{"start":{"line":4,"column":17},"end":{"line":4,"column":26}},"loc":{"start":{"line":4,"column":34},"end":{"line":4,"column":99}},"line":4},"3":{"name":"rejected","decl":{"start":{"line":5,"column":17},"end":{"line":5,"column":25}},"loc":{"start":{"line":5,"column":33},"end":{"line":5,"column":102}},"line":5},"4":{"name":"step","decl":{"start":{"line":6,"column":17},"end":{"line":6,"column":21}},"loc":{"start":{"line":6,"column":30},"end":{"line":6,"column":151}},"line":6},"5":{"name":"(anonymous_5)","decl":{"start":{"line":6,"column":76},"end":{"line":6,"column":77}},"loc":{"start":{"line":6,"column":95},"end":{"line":6,"column":121}},"line":6},"6":{"name":"postUpdateParameters","decl":{"start":{"line":13,"column":9},"end":{"line":13,"column":29}},"loc":{"start":{"line":13,"column":46},"end":{"line":83,"column":1}},"line":13},"7":{"name":"(anonymous_7)","decl":{"start":{"line":14,"column":43},"end":{"line":14,"column":44}},"loc":{"start":{"line":14,"column":56},"end":{"line":82,"column":5}},"line":14},"8":{"name":"(anonymous_8)","decl":{"start":{"line":39,"column":58},"end":{"line":39,"column":59}},"loc":{"start":{"line":39,"column":68},"end":{"line":41,"column":13}},"line":39},"9":{"name":"(anonymous_9)","decl":{"start":{"line":54,"column":44},"end":{"line":54,"column":45}},"loc":{"start":{"line":54,"column":59},"end":{"line":57,"column":17}},"line":54},"10":{"name":"paramSetDefaults","decl":{"start":{"line":85,"column":9},"end":{"line":85,"column":25}},"loc":{"start":{"line":85,"column":42},"end":{"line":93,"column":1}},"line":85},"11":{"name":"handleValidationError","decl":{"start":{"line":94,"column":9},"end":{"line":94,"column":30}},"loc":{"start":{"line":94,"column":41},"end":{"line":105,"column":1}},"line":94},"12":{"name":"checkParamConstraints","decl":{"start":{"line":106,"column":9},"end":{"line":106,"column":30}},"loc":{"start":{"line":106,"column":51},"end":{"line":117,"column":1}},"line":106},"13":{"name":"validateParamConstraints","decl":{"start":{"line":118,"column":9},"end":{"line":118,"column":33}},"loc":{"start":{"line":118,"column":48},"end":{"line":150,"column":1}},"line":118}},"branchMap":{"0":{"loc":{"start":{"line":2,"column":16},"end":{"line":9,"column":1}},"type":"binary-expr","locations":[{"start":{"line":2,"column":17},"end":{"line":2,"column":21}},{"start":{"line":2,"column":25},"end":{"line":2,"column":39}},{"start":{"line":2,"column":44},"end":{"line":9,"column":1}}],"line":2},"1":{"loc":{"start":{"line":3,"column":16},"end":{"line":3,"column":34}},"type":"binary-expr","locations":[{"start":{"line":3,"column":16},"end":{"line":3,"column":17}},{"start":{"line":3,"column":22},"end":{"line":3,"column":33}}],"line":3},"2":{"loc":{"start":{"line":6,"column":32},"end":{"line":6,"column":148}},"type":"cond-expr","locations":[{"start":{"line":6,"column":46},"end":{"line":6,"column":67}},{"start":{"line":6,"column":70},"end":{"line":6,"column":148}}],"line":6},"3":{"loc":{"start":{"line":7,"column":51},"end":{"line":7,"column":67}},"type":"binary-expr","locations":[{"start":{"line":7,"column":51},"end":{"line":7,"column":61}},{"start":{"line":7,"column":65},"end":{"line":7,"column":67}}],"line":7},"4":{"loc":{"start":{"line":16,"column":8},"end":{"line":18,"column":9}},"type":"if","locations":[{"start":{"line":16,"column":8},"end":{"line":18,"column":9}},{"start":{"line":16,"column":8},"end":{"line":18,"column":9}}],"line":16},"5":{"loc":{"start":{"line":16,"column":12},"end":{"line":16,"column":60}},"type":"binary-expr","locations":[{"start":{"line":16,"column":12},"end":{"line":16,"column":30}},{"start":{"line":16,"column":34},"end":{"line":16,"column":60}}],"line":16},"6":{"loc":{"start":{"line":19,"column":8},"end":{"line":24,"column":9}},"type":"if","locations":[{"start":{"line":19,"column":8},"end":{"line":24,"column":9}},{"start":{"line":19,"column":8},"end":{"line":24,"column":9}}],"line":19},"7":{"loc":{"start":{"line":19,"column":12},"end":{"line":19,"column":87}},"type":"binary-expr","locations":[{"start":{"line":19,"column":12},"end":{"line":19,"column":56}},{"start":{"line":19,"column":60},"end":{"line":19,"column":87}}],"line":19},"8":{"loc":{"start":{"line":23,"column":42},"end":{"line":23,"column":160}},"type":"cond-expr","locations":[{"start":{"line":23,"column":73},"end":{"line":23,"column":151}},{"start":{"line":23,"column":155},"end":{"line":23,"column":160}}],"line":23},"9":{"loc":{"start":{"line":23,"column":73},"end":{"line":23,"column":151}},"type":"binary-expr","locations":[{"start":{"line":23,"column":73},"end":{"line":23,"column":111}},{"start":{"line":23,"column":115},"end":{"line":23,"column":151}}],"line":23},"10":{"loc":{"start":{"line":25,"column":8},"end":{"line":27,"column":9}},"type":"if","locations":[{"start":{"line":25,"column":8},"end":{"line":27,"column":9}},{"start":{"line":25,"column":8},"end":{"line":27,"column":9}}],"line":25},"11":{"loc":{"start":{"line":35,"column":8},"end":{"line":81,"column":9}},"type":"if","locations":[{"start":{"line":35,"column":8},"end":{"line":81,"column":9}},{"start":{"line":35,"column":8},"end":{"line":81,"column":9}}],"line":35},"12":{"loc":{"start":{"line":42,"column":12},"end":{"line":44,"column":13}},"type":"if","locations":[{"start":{"line":42,"column":12},"end":{"line":44,"column":13}},{"start":{"line":42,"column":12},"end":{"line":44,"column":13}}],"line":42},"13":{"loc":{"start":{"line":42,"column":16},"end":{"line":42,"column":106}},"type":"binary-expr","locations":[{"start":{"line":42,"column":17},"end":{"line":42,"column":74}},{"start":{"line":42,"column":79},"end":{"line":42,"column":106}}],"line":42},"14":{"loc":{"start":{"line":50,"column":34},"end":{"line":50,"column":80}},"type":"cond-expr","locations":[{"start":{"line":50,"column":56},"end":{"line":50,"column":75}},{"start":{"line":50,"column":78},"end":{"line":50,"column":80}}],"line":50},"15":{"loc":{"start":{"line":51,"column":12},"end":{"line":80,"column":13}},"type":"if","locations":[{"start":{"line":51,"column":12},"end":{"line":80,"column":13}},{"start":{"line":51,"column":12},"end":{"line":80,"column":13}}],"line":51},"16":{"loc":{"start":{"line":66,"column":16},"end":{"line":68,"column":17}},"type":"if","locations":[{"start":{"line":66,"column":16},"end":{"line":68,"column":17}},{"start":{"line":66,"column":16},"end":{"line":68,"column":17}}],"line":66},"17":{"loc":{"start":{"line":86,"column":21},"end":{"line":86,"column":105}},"type":"cond-expr","locations":[{"start":{"line":86,"column":51},"end":{"line":86,"column":88}},{"start":{"line":86,"column":91},"end":{"line":86,"column":105}}],"line":86},"18":{"loc":{"start":{"line":88,"column":24},"end":{"line":88,"column":47}},"type":"binary-expr","locations":[{"start":{"line":88,"column":24},"end":{"line":88,"column":41}},{"start":{"line":88,"column":45},"end":{"line":88,"column":47}}],"line":88},"19":{"loc":{"start":{"line":89,"column":30},"end":{"line":89,"column":59}},"type":"binary-expr","locations":[{"start":{"line":89,"column":30},"end":{"line":89,"column":53}},{"start":{"line":89,"column":57},"end":{"line":89,"column":59}}],"line":89},"20":{"loc":{"start":{"line":90,"column":31},"end":{"line":90,"column":64}},"type":"binary-expr","locations":[{"start":{"line":90,"column":31},"end":{"line":90,"column":55}},{"start":{"line":90,"column":59},"end":{"line":90,"column":64}}],"line":90},"21":{"loc":{"start":{"line":91,"column":33},"end":{"line":91,"column":68}},"type":"binary-expr","locations":[{"start":{"line":91,"column":33},"end":{"line":91,"column":59}},{"start":{"line":91,"column":63},"end":{"line":91,"column":68}}],"line":91},"22":{"loc":{"start":{"line":92,"column":34},"end":{"line":92,"column":100}},"type":"cond-expr","locations":[{"start":{"line":92,"column":95},"end":{"line":92,"column":96}},{"start":{"line":92,"column":99},"end":{"line":92,"column":100}}],"line":92},"23":{"loc":{"start":{"line":92,"column":34},"end":{"line":92,"column":92}},"type":"binary-expr","locations":[{"start":{"line":92,"column":34},"end":{"line":92,"column":74}},{"start":{"line":92,"column":78},"end":{"line":92,"column":92}}],"line":92},"24":{"loc":{"start":{"line":96,"column":8},"end":{"line":103,"column":9}},"type":"if","locations":[{"start":{"line":96,"column":8},"end":{"line":103,"column":9}},{"start":{"line":96,"column":8},"end":{"line":103,"column":9}}],"line":96},"25":{"loc":{"start":{"line":98,"column":24},"end":{"line":98,"column":60}},"type":"cond-expr","locations":[{"start":{"line":98,"column":37},"end":{"line":98,"column":55}},{"start":{"line":98,"column":58},"end":{"line":98,"column":60}}],"line":98},"26":{"loc":{"start":{"line":110,"column":12},"end":{"line":114,"column":13}},"type":"if","locations":[{"start":{"line":110,"column":12},"end":{"line":114,"column":13}},{"start":{"line":110,"column":12},"end":{"line":114,"column":13}}],"line":110},"27":{"loc":{"start":{"line":111,"column":48},"end":{"line":111,"column":91}},"type":"cond-expr","locations":[{"start":{"line":111,"column":66},"end":{"line":111,"column":80}},{"start":{"line":111,"column":83},"end":{"line":111,"column":91}}],"line":111},"28":{"loc":{"start":{"line":112,"column":29},"end":{"line":112,"column":87}},"type":"binary-expr","locations":[{"start":{"line":112,"column":29},"end":{"line":112,"column":39}},{"start":{"line":112,"column":43},"end":{"line":112,"column":87}}],"line":112},"29":{"loc":{"start":{"line":120,"column":4},"end":{"line":130,"column":5}},"type":"if","locations":[{"start":{"line":120,"column":4},"end":{"line":130,"column":5}},{"start":{"line":120,"column":4},"end":{"line":130,"column":5}}],"line":120},"30":{"loc":{"start":{"line":124,"column":8},"end":{"line":126,"column":9}},"type":"if","locations":[{"start":{"line":124,"column":8},"end":{"line":126,"column":9}},{"start":{"line":124,"column":8},"end":{"line":126,"column":9}}],"line":124},"31":{"loc":{"start":{"line":124,"column":12},"end":{"line":124,"column":99}},"type":"binary-expr","locations":[{"start":{"line":124,"column":12},"end":{"line":124,"column":37}},{"start":{"line":124,"column":41},"end":{"line":124,"column":99}}],"line":124},"32":{"loc":{"start":{"line":127,"column":8},"end":{"line":129,"column":9}},"type":"if","locations":[{"start":{"line":127,"column":8},"end":{"line":129,"column":9}},{"start":{"line":127,"column":8},"end":{"line":129,"column":9}}],"line":127},"33":{"loc":{"start":{"line":127,"column":12},"end":{"line":127,"column":99}},"type":"binary-expr","locations":[{"start":{"line":127,"column":12},"end":{"line":127,"column":37}},{"start":{"line":127,"column":41},"end":{"line":127,"column":99}}],"line":127},"34":{"loc":{"start":{"line":131,"column":4},"end":{"line":133,"column":5}},"type":"if","locations":[{"start":{"line":131,"column":4},"end":{"line":133,"column":5}},{"start":{"line":131,"column":4},"end":{"line":133,"column":5}}],"line":131},"35":{"loc":{"start":{"line":131,"column":8},"end":{"line":131,"column":51}},"type":"binary-expr","locations":[{"start":{"line":131,"column":8},"end":{"line":131,"column":36}},{"start":{"line":131,"column":40},"end":{"line":131,"column":51}}],"line":131},"36":{"loc":{"start":{"line":134,"column":4},"end":{"line":136,"column":5}},"type":"if","locations":[{"start":{"line":134,"column":4},"end":{"line":136,"column":5}},{"start":{"line":134,"column":4},"end":{"line":136,"column":5}}],"line":134},"37":{"loc":{"start":{"line":134,"column":8},"end":{"line":134,"column":89}},"type":"binary-expr","locations":[{"start":{"line":134,"column":8},"end":{"line":134,"column":28}},{"start":{"line":134,"column":32},"end":{"line":134,"column":58}},{"start":{"line":134,"column":62},"end":{"line":134,"column":89}}],"line":134},"38":{"loc":{"start":{"line":137,"column":4},"end":{"line":139,"column":5}},"type":"if","locations":[{"start":{"line":137,"column":4},"end":{"line":139,"column":5}},{"start":{"line":137,"column":4},"end":{"line":139,"column":5}}],"line":137},"39":{"loc":{"start":{"line":140,"column":4},"end":{"line":148,"column":5}},"type":"if","locations":[{"start":{"line":140,"column":4},"end":{"line":148,"column":5}},{"start":{"line":140,"column":4},"end":{"line":148,"column":5}}],"line":140},"40":{"loc":{"start":{"line":140,"column":8},"end":{"line":140,"column":92}},"type":"binary-expr","locations":[{"start":{"line":140,"column":8},"end":{"line":140,"column":13}},{"start":{"line":140,"column":17},"end":{"line":140,"column":63}},{"start":{"line":140,"column":67},"end":{"line":140,"column":92}}],"line":140},"41":{"loc":{"start":{"line":143,"column":12},"end":{"line":145,"column":13}},"type":"if","locations":[{"start":{"line":143,"column":12},"end":{"line":145,"column":13}},{"start":{"line":143,"column":12},"end":{"line":145,"column":13}}],"line":143}},"s":{"0":3,"1":8,"2":8,"3":8,"4":0,"5":8,"6":8,"7":0,"8":24,"9":16,"10":8,"11":3,"12":3,"13":3,"14":8,"15":8,"16":8,"17":0,"18":8,"19":0,"20":8,"21":8,"22":0,"23":8,"24":8,"25":0,"26":8,"27":0,"28":8,"29":8,"30":8,"31":0,"32":8,"33":8,"34":8,"35":8,"36":8,"37":8,"38":8,"39":9,"40":9,"41":8,"42":8,"43":8,"44":8,"45":8,"46":8,"47":8,"48":0,"49":0,"50":0,"51":0,"52":0,"53":0,"54":0,"55":0,"56":3,"57":9,"58":9,"59":9,"60":9,"61":9,"62":9,"63":9,"64":8,"65":8,"66":8,"67":8,"68":8,"69":8,"70":9,"71":9,"72":3,"73":3,"74":3,"75":3,"76":9,"77":9,"78":1,"79":8,"80":0,"81":8,"82":1,"83":9,"84":0,"85":9,"86":1,"87":9,"88":6,"89":9,"90":0,"91":0,"92":0,"93":0,"94":0,"95":9},"f":{"0":8,"1":8,"2":8,"3":8,"4":24,"5":16,"6":8,"7":8,"8":8,"9":9,"10":9,"11":8,"12":8,"13":9},"b":{"0":[3,3,3],"1":[8,8],"2":[8,16],"3":[8,8],"4":[0,8],"5":[8,8],"6":[0,8],"7":[8,8],"8":[0,8],"9":[0,0],"10":[0,8],"11":[0,8],"12":[0,8],"13":[8,8],"14":[8,0],"15":[8,0],"16":[8,0],"17":[8,1],"18":[9,2],"19":[9,6],"20":[9,6],"21":[9,8],"22":[1,8],"23":[9,8],"24":[8,0],"25":[0,8],"26":[3,0],"27":[0,3],"28":[3,3],"29":[1,8],"30":[0,8],"31":[8,3],"32":[1,7],"33":[8,3],"34":[0,9],"35":[9,1],"36":[1,8],"37":[9,2,2],"38":[6,3],"39":[0,9],"40":[9,9,0],"41":[0,0]},"inputSourceMap":{"version":3,"file":"post.parameter.js","sourceRoot":"","sources":["post.parameter.ts"],"names":[],"mappings":";;;;;;;;;;AAEA,uCAA0D;AAC1D,0DAAyH;AAEzH,8BAAmD,GAAY,EAAE,GAAa,EAAE,IAAkB;;QAChG,MAAM,MAAM,GAAa,EAAE,CAAC;QAE5B,EAAE,CAAC,CAAC,CAAC,GAAG,CAAC,IAAI,CAAC,QAAQ,IAAI,CAAC,GAAG,CAAC,IAAI,CAAC,QAAQ,CAAC,OAAO,CAAC,CAAC,CAAC;YACrD,MAAM,CAAC,IAAI,CAAC,mCAAmC,CAAC,CAAC;QACnD,CAAC;QAED,EAAE,CAAC,CAAC,CAAC,cAAM,CAAC,GAAG,CAAC,IAAI,CAAC,QAAQ,CAAC,SAAS,CAAC,IAAI,GAAG,CAAC,IAAI,CAAC,QAAQ,CAAC,SAAS,CAAC,CAAC,CAAC;YACxE,MAAM,CAAC,IAAI,CAAC,+CAA+C,CAAC,CAAC;QAC/D,CAAC;QACD,IAAI,CAAC,CAAC;YACJ,GAAG,CAAC,IAAI,CAAC,QAAQ,CAAC,SAAS,GAAG,GAAG,CAAC,IAAI,CAAC,QAAQ,CAAC,SAAS,CAAC,CAAC,CAAC,CAAC,GAAG,CAAC,IAAI,CAAC,QAAQ,CAAC,SAAS,KAAK,MAAM,IAAI,GAAG,CAAC,IAAI,CAAC,QAAQ,CAAC,SAAS,KAAK,IAAI,CAAC,CAAC,CAAC,CAAC,KAAK,CAAC;QACvJ,CAAC;QAED,EAAE,CAAC,CAAC,MAAM,CAAC,MAAM,KAAK,CAAC,CAAC,CAAC,CAAC;YACxB,MAAM,CAAC,GAAG,CAAC,MAAM,CAAC,GAAG,CAAC,CAAC,IAAI,CAAC,EAAE,QAAQ,EAAE,MAAM,EAAE,CAAC,CAAC;QACpD,CAAC;QAED,IAAI,WAA6B,CAAC;QAElC,IAAI,CAAC;YACH,WAAW,GAAqB,CAAC,MAAM,qBAAW,CAAC,OAAO,CAAC,EAAE,EAAE,EAAE,GAAG,CAAC,IAAI,CAAC,MAAM,EAAE,eAAe,EAAE,GAAG,CAAC,IAAI,CAAC,UAAU,EAAE,CAAC,CAAC,CAAC;QAC7H,CAAC;QACD,KAAK,CAAC,CAAC,GAAG,CAAC,CAAC,CAAC;YACX,MAAM,CAAC,IAAI,CAAC,GAAG,CAAC,CAAC;QACnB,CAAC;QAED,EAAE,CAAC,CAAC,CAAC,WAAW,CAAC,CAAC,CAAC;YACjB,MAAM,CAAC,GAAG,CAAC,MAAM,CAAC,GAAG,CAAC,CAAC,IAAI,CAAC,EAAE,QAAQ,EAAE,CAAC,qDAAqD,CAAC,EAAE,CAAC,CAAC;QACrG,CAAC;QACD,IAAI,CAAC,CAAC;YACJ,MAAM,SAAS,GAAG,WAAW,CAAC,UAAU,CAAC,IAAI,CAAC,CAAC,IAAI,EAAE,EAAE;gBACrD,MAAM,CAAC,IAAI,CAAC,EAAE,IAAI,GAAG,CAAC,IAAI,CAAC,UAAU,CAAC;YACxC,CAAC,CAAC,CAAC;YAEH,EAAE,CAAC,CAAC,CAAC,SAAS,CAAC,KAAK,CAAC,OAAO,CAAC,GAAG,CAAC,IAAI,CAAC,QAAQ,CAAC,OAAO,CAAC,KAAK,CAAC,CAAC,CAAC,IAAI,GAAG,CAAC,IAAI,CAAC,QAAQ,CAAC,SAAS,CAAC,CAAC,CAAC;gBAC/F,MAAM,CAAC,GAAG,CAAC,MAAM,CAAC,GAAG,CAAC,CAAC,IAAI,CAAC,EAAE,QAAQ,EAAE,CAAC,2BAA2B,GAAG,CAAC,IAAI,CAAC,QAAQ,CAAC,SAAS,mBAAmB,CAAC,EAAE,CAAC,CAAC;YACzH,CAAC;YAED,SAAS,CAAC,QAAQ,GAAG;gBACnB,OAAO,EAAE,GAAG,CAAC,IAAI,CAAC,QAAQ,CAAC,OAAO;gBAClC,SAAS,EAAE,GAAG,CAAC,IAAI,CAAC,QAAQ,CAAC,SAAS;aACvC,CAAC;YAEF,SAAS,CAAC,UAAU,GAAG,EAAE,CAAC;YAC1B,GAAG,CAAC,IAAI,CAAC,UAAU,GAAG,GAAG,CAAC,IAAI,CAAC,UAAU,CAAC,CAAC,CAAC,GAAG,CAAC,IAAI,CAAC,UAAU,CAAC,CAAC,CAAC,EAAE,CAAC;YAErE,EAAE,CAAC,CAAC,GAAG,CAAC,IAAI,CAAC,UAAU,YAAY,KAAK,CAAC,CAAC,CAAC;gBACzC,MAAM,MAAM,GAAU,EAAE,CAAC;gBACzB,IAAI,GAAG,GAAW,CAAC,CAAC;gBAEpB,GAAG,CAAC,IAAI,CAAC,UAAU,CAAC,OAAO,CAAC,CAAC,SAAyB,EAAE,EAAE;oBACxD,gBAAgB,CAAC,SAAS,EAAE,GAAG,EAAE,CAAC,CAAC;oBACnC,SAAS,CAAC,UAAU,CAAC,IAAI,CAAC,SAAS,CAAC,CAAC;gBACvC,CAAC,CAAC,CAAC;gBAEH,MAAM,MAAM,GAAQ,EAAE,CAAC;gBAEvB,IAAI,CAAC;oBACH,MAAM,WAAW,CAAC,QAAQ,EAAE,CAAC;gBAC/B,CAAC;gBACD,KAAK,CAAC,CAAC,GAAG,CAAC,CAAC,CAAC;oBACX,qBAAqB,CAAC,GAAG,EAAE,MAAM,CAAC,CAAC;gBACrC,CAAC;gBAED,qBAAqB,CAAC,SAAS,CAAC,UAAU,EAAE,MAAM,EAAE,SAAS,CAAC,KAAK,CAAC,CAAC;gBAErE,EAAE,CAAC,CAAC,MAAM,CAAC,IAAI,CAAC,MAAM,CAAC,CAAC,MAAM,KAAK,CAAC,CAAC,CAAC,CAAC;oBACrC,MAAM,CAAC,GAAG,CAAC,MAAM,CAAC,GAAG,CAAC,CAAC,IAAI,CAAC,MAAM,CAAC,CAAC;gBACtC,CAAC;gBAED,IAAI,CAAC;oBACH,MAAM,WAAW,CAAC,IAAI,EAAE,CAAC;gBAC3B,CAAC;gBACD,KAAK,CAAC,CAAC,GAAG,CAAC,CAAC,CAAC;oBACX,MAAM,CAAC,IAAI,CAAC,GAAG,CAAC,CAAC;gBACnB,CAAC;gBAED,MAAM,GAAG,GAAG,WAAW,CAAC,QAAQ,EAAE,CAAC;gBACnC,GAAG,CAAC,UAAU,GAAG,CAAC,SAAS,CAAC,CAAC;gBAC7B,OAAO,GAAG,CAAC,GAAG,CAAC;gBACf,OAAO,GAAG,CAAC,GAAG,CAAC;gBAEf,MAAM,CAAC,GAAG,CAAC,IAAI,CAAC,EAAE,GAAG,EAAE,CAAC,CAAC;YAC3B,CAAC;QACH,CAAC;IACH,CAAC;CAAA;AAtFD,uCAsFC;AAED,0BAA0B,SAAyB,EAAE,GAAW;IAC9D,SAAS,CAAC,IAAI,GAAG,SAAS,CAAC,IAAI,IAAI,SAAS,CAAC,CAAC,CAAC,2BAAa,CAAC,SAAS,CAAC,CAAC,CAAC,SAAS,CAAC,IAAI,CAAC;IACxF,SAAS,CAAC,QAAQ,GAAG,GAAG,CAAC;IACzB,SAAS,CAAC,OAAO,GAAQ,SAAS,CAAC,OAAO,IAAI,EAAE,CAAC;IACjD,SAAS,CAAC,OAAO,CAAC,KAAK,GAAQ,SAAS,CAAC,OAAO,CAAC,KAAK,IAAI,EAAE,CAAC;IAC7D,SAAS,CAAC,OAAO,CAAC,MAAM,GAAG,SAAS,CAAC,OAAO,CAAC,MAAM,IAAI,KAAK,CAAC;IAC7D,SAAS,CAAC,OAAO,CAAC,QAAQ,GAAG,SAAS,CAAC,OAAO,CAAC,QAAQ,IAAI,KAAK,CAAC;IACjE,SAAS,CAAC,OAAO,CAAC,KAAK,CAAC,GAAG,GAAG,SAAS,CAAC,OAAO,CAAC,KAAK,CAAC,GAAG,IAAI,SAAS,IAAI,SAAS,CAAC,IAAI,CAAC,CAAC,CAAC,CAAC,CAAC,CAAC,CAAC,CAAC,CAAC;AACnG,CAAC;AAED,+BAA+B,GAAQ,EAAE,GAAQ;IAC/C,GAAG,CAAC,CAAC,MAAM,QAAQ,IAAI,GAAG,CAAC,MAAM,CAAC,CAAC,CAAC;QAClC,EAAE,CAAC,CAAC,GAAG,CAAC,MAAM,CAAC,cAAc,CAAC,QAAQ,CAAC,CAAC,CAAC,CAAC;YACxC,MAAM,CAAC,GAAG,QAAQ,CAAC,OAAO,CAAC,YAAY,CAAC,CAAC;YACzC,MAAM,GAAG,GAAG,CAAC,CAAC,KAAK,CAAC,CAAC,CAAC,CAAC,CAAC,CAAC,QAAQ,CAAC,MAAM,CAAC,CAAC,CAAC,CAAC,CAAC,CAAC,EAAE,CAAC;YACjD,GAAG,CAAC,GAAG,CAAC,GAAG;gBACT,QAAQ,EAAE,CAAC,GAAG,CAAC,MAAM,CAAC,QAAQ,CAAC,CAAC,OAAO,CAAC;gBACxC,KAAK,EAAE,GAAG,CAAC,MAAM,CAAC,QAAQ,CAAC,CAAC,KAAK;aAClC,CAAC;QACJ,CAAC;IACH,CAAC;AACH,CAAC;AAGD,+BAA+B,MAAwB,EAAE,GAAQ,EAAE,KAAgB;IACjF,GAAG,CAAC,CAAC,IAAI,CAAC,GAAG,CAAC,EAAE,CAAC,GAAG,MAAM,CAAC,MAAM,EAAE,CAAC,EAAE,EAAE,CAAC;QACvC,MAAM,GAAG,GAAG,wBAAwB,CAAC,MAAM,CAAC,CAAC,CAAC,EAAE,KAAK,CAAC,CAAC;QAEvD,GAAG,CAAC,CAAC,MAAM,QAAQ,IAAI,GAAG,CAAC,CAAC,CAAC;YAC3B,EAAE,CAAC,CAAC,GAAG,CAAC,cAAc,CAAC,QAAQ,CAAC,CAAC,CAAC,CAAC;gBACjC,MAAM,KAAK,GAAG,cAAc,CAAC,GAAG,QAAQ,KAAK,EAAE,CAAC,CAAC,CAAC,GAAG,GAAG,QAAQ,CAAC,CAAC,CAAC,QAAQ,EAAE,CAAC;gBAC9E,GAAG,CAAC,KAAK,CAAC,GAAG,GAAG,CAAC,KAAK,CAAC,IAAI,EAAE,QAAQ,EAAE,EAAE,EAAE,KAAK,EAAE,GAAG,CAAC,QAAQ,CAAC,CAAC,KAAK,EAAE,CAAC;gBACxE,GAAG,CAAC,KAAK,CAAC,CAAC,QAAQ,GAAG,GAAG,CAAC,KAAK,CAAC,CAAC,QAAQ,CAAC,MAAM,CAAC,GAAG,CAAC,QAAQ,CAAC,CAAC,QAAQ,CAAC,CAAC;YAC3E,CAAC;QACH,CAAC;IACH,CAAC;AACH,CAAC;AAED,kCAAkC,KAAqB,EAAE,KAAgB;IACvE,MAAM,MAAM,GAAQ,EAAE,EAAE,EAAE,EAAE,QAAQ,EAAE,EAAE,EAAE,KAAK,EAAE,KAAK,EAAE,EAAE,CAAC;IAE3D,EAAE,CAAC,CAAC,KAAK,CAAC,OAAO,CAAC,KAAK,CAAC,GAAG,GAAG,KAAK,CAAC,OAAO,CAAC,KAAK,CAAC,GAAG,CAAC,CAAC,CAAC;QACtD,MAAM,CAAC,EAAE,CAAC,CAAC,QAAQ,CAAC,IAAI,CAAC,0BAA0B,KAAK,CAAC,OAAO,CAAC,KAAK,CAAC,GAAG,wDAAwD,KAAK,CAAC,OAAO,CAAC,KAAK,CAAC,GAAG,IAAI,CAAC,CAAC;IACjK,CAAC;IACD,IAAI,CAAC,CAAC;QACJ,EAAE,CAAC,CAAC,KAAK,CAAC,OAAO,CAAC,WAAW,IAAI,KAAK,CAAC,OAAO,CAAC,WAAW,CAAC,MAAM,GAAG,KAAK,CAAC,OAAO,CAAC,KAAK,CAAC,GAAG,CAAC,CAAC,CAAC;YAC5F,MAAM,CAAC,EAAE,CAAC,CAAC,QAAQ,CAAC,IAAI,CAAC,2DAA2D,KAAK,CAAC,OAAO,CAAC,WAAW,CAAC,MAAM,yCAAyC,KAAK,CAAC,OAAO,CAAC,KAAK,CAAC,GAAG,IAAI,CAAC,CAAC;QAC5L,CAAC;QAED,EAAE,CAAC,CAAC,KAAK,CAAC,OAAO,CAAC,WAAW,IAAI,KAAK,CAAC,OAAO,CAAC,WAAW,CAAC,MAAM,GAAG,KAAK,CAAC,OAAO,CAAC,KAAK,CAAC,GAAG,CAAC,CAAC,CAAC;YAC5F,MAAM,CAAC,EAAE,CAAC,CAAC,QAAQ,CAAC,IAAI,CAAC,2DAA2D,KAAK,CAAC,OAAO,CAAC,WAAW,CAAC,MAAM,4CAA4C,KAAK,CAAC,OAAO,CAAC,KAAK,CAAC,GAAG,IAAI,CAAC,CAAC;QAC/L,CAAC;IACH,CAAC;IAED,EAAE,CAAC,CAAC,KAAK,CAAC,OAAO,CAAC,KAAK,CAAC,GAAG,IAAI,CAAC,IAAI,CAAC,KAAK,CAAC,IAAI,CAAC,CAAC,CAAC;QAChD,MAAM,CAAC,EAAE,CAAC,CAAC,QAAQ,CAAC,IAAI,CAAC,wEAAwE,CAAC,CAAC;IACrG,CAAC;IAED,EAAE,CAAC,CAAC,KAAK,CAAC,OAAO,CAAC,MAAM,IAAI,CAAC,KAAK,CAAC,OAAO,CAAC,WAAW,IAAI,KAAK,CAAC,OAAO,CAAC,KAAK,CAAC,GAAG,GAAG,CAAC,CAAC,CAAC,CAAC;QACtF,MAAM,CAAC,EAAE,CAAC,CAAC,QAAQ,CAAC,IAAI,CAAC,6DAA6D,CAAC,CAAC;IAC1F,CAAC;IAED,EAAE,CAAC,CAAC,MAAM,CAAC,EAAE,CAAC,CAAC,QAAQ,CAAC,MAAM,KAAK,CAAC,CAAC,CAAC,CAAC;QACrC,OAAO,MAAM,CAAC,EAAE,CAAC,CAAC;IACpB,CAAC;IAED,EAAE,CAAC,CAAC,KAAK,IAAI,KAAK,CAAC,IAAI,IAAI,2BAAa,CAAC,IAAI,IAAI,KAAK,CAAC,OAAO,CAAC,WAAW,CAAC,CAAC,CAAC;QAC3E,IAAI,CAAC,GAAW,CAAC,CAAC;QAClB,GAAG,CAAC,CAAC,MAAM,QAAQ,IAAI,KAAK,CAAC,OAAO,CAAC,WAAW,CAAC,CAAC,CAAC;YACjD,EAAE,CAAC,CAAC,KAAK,CAAC,OAAO,CAAS,QAAQ,CAAC,KAAK,CAAC,CAAC,CAAC,CAAC,CAAC;gBAC3C,MAAM,CAAC,uBAAuB,CAAC,EAAE,CAAC,GAAG,EAAE,QAAQ,EAAE,CAAC,oCAAoC,CAAC,OAAO,QAAQ,oCAAoC,CAAC,EAAE,KAAK,EAAE,QAAQ,EAAE,CAAC;YACjK,CAAC;YACD,CAAC,EAAE,CAAC;QACN,CAAC;IACH,CAAC;IAED,MAAM,CAAC,MAAM,CAAC;AAChB,CAAC","sourcesContent":["import { Request, Response, NextFunction } from \"express\";\r\n\r\nimport { isBool, isInteger, isString } from \"../../utils\";\r\nimport { default as Application, ApplicationModel, ParameterModel, ParameterType, File } from \"../../models/Applica
[...]
C,MAAM,EAAE,CAAC,EAAE,EAAE,CAAC;oBACrC,GAAG,CAAC,CAAC,IAAI,CAAC,GAAG,CAAC,GAAG,CAAC,EAAE,CAAC,GAAG,IAAI,CAAC,MAAM,EAAE,CAAC,EAAE,EAAE,CAAC;wBACzC,EAAE,CAAC,CAAC,IAAI,CAAC,CAAC,CAAC,CAAC,KAAK,KAAK,IAAI,CAAC,CAAC,CAAC,CAAC,KAAK,CAAC,CAAC,CAAC;4BACpC,MAAM,CAAC,KAAK,CAAC;wBACf,CAAC;oBACH,CAAC;gBACH,CAAC;gBACD,GAAG,CAAC,CAAC,IAAI,CAAC,GAAG,CAAC,EAAE,CAAC,GAAG,IAAI,CAAC,MAAM,EAAE,CAAC,EAAE,EAAE,CAAC;oBACrC,EAAE,CAAC,CAAC,IAAI,CAAC,CAAC,CAAC,CAAC,KAAK,KAAK,MAAM,CAAC,MAAM,CAAC,KAAK,CAAC,CAAC,CAAC;wBAC1C,MAAM,CAAC,KAAK,CAAC;oBACf,CAAC;gBACH,CAAC;gBACD,MAAM,CAAC,IAAI,CAAC;YACd,CAAC;YACD,OAAO,EAAE,+BAA+B;SACzC;KACF;CACF,EAAE,EAAE,GAAG,EAAE,KAAK,EAAE,CAAC,CAAC;AAEnB,MAAM,SAAS,GAAG,IAAI,QAAQ,CAAC,MAAM,CAAC;IACpC,MAAM,EAAE;QACN,IAAI,EAAE,MAAM;QACZ,QAAQ,EAAE,IAAI;QACd,SAAS,EAAE,CAAC;KACb;IACD,IAAI,EAAE;QACJ,IAAI,EAAE,MAAM;QACZ,QAAQ,EAAE,IAAI;QACd,SAAS,EAAE,CAAC;KACb;IACD,EAAE,EAAE;QACF,IAAI,EAAE,MAAM;QACZ,MAAM,EAAE,IAAI;KACb;IACD,WAAW,EAAE,MAAM;IACnB,UAAU,EAAE,CAAC,eAAe,CAAC;CAC9B,CAAC,CAAC;AAEH,SAAS,CAAC,GAAG,CAAC,MAAM,EAAE,cAAc,IAAI;IACtC,MAAM,GAAG,GAAG,IAAI,CAAC;IACjB,EAAE,CAAC,CAAC,GAAG,CAAC,UAAU,CAAC,QAAQ,CAAC,IAAI,GAAG,CAAC,UAAU,CAAC,MAAM,CAAC,CAAC,CAAC,CAAC;QACvD,GAAG,CAAC,EAAE,GAAG,MAAM,CAAC,UAAU,CAAC,KAAK,CAAC,CAAC,MAAM,CAAC,GAAG,CAAC,IAAI,GAAG,GAAG,CAAC,MAAM,CAAC,CAAC,MAAM,CAAC,KAAK,CAAC,CAAC;IAChF,CAAC;IACD,IAAI,EAAE,CAAC;AACT,CAAC,CAAC,CAAC;AAEH,eAAe,CAAC,GAAG,CAAC,UAAU,EAAE,kBAAkB,IAAI;IACpD,MAAM,SAAS,GAAG,IAAI,CAAC;IAEvB,MAAM,QAAQ,GAAmB;QAC/B,IAAI,EAAE,WAAW;QACjB,IAAI,EAAE,aAAa,CAAC,SAAS;QAC7B,WAAW,EAAE,sGAAsG;QACnH,QAAQ,EAAE,SAAS,CAAC,UAAU,CAAC,MAAM;QACrC,OAAO,EAAE;YACP,MAAM,EAAE,IAAI;YACZ,QAAQ,EAAE,IAAI;YACd,KAAK,EAAE;gBACL,GAAG,EAAE,CAAC;gBACN,GAAG,EAAE,CAAC;aACP;YACD,WAAW,EAAE,CAAC,kBAAkB,CAAC;SAClC;KACF,CAAC;IAEF,EAAE,CAAC,CAAC,SAAS,CAAC,UAAU,CAAC,YAAY,CAAC,CAAC,CAAC,CAAC;QACvC,MAAM,KAAK,GAAG,SAAS,CAAC,UAAU,CAAC,IAAI,CAAC,CAAC,CAAM,EAAE,EAAE;YACjD,MAAM,CAAC,CAAC,CAAC,IAAI,KAAK,QAAQ,CAAC,IAAI,CAAC;QAClC,CAAC,CAAC,CAAC;QAEH,MAAM,CAAC,GAAG,SAAS,CAAC,UAAU,CAAC,OAAO,CAAC,KAAK,CAAC,CAAC;QAE9C,EAAE,CAAC,CAAC,CAAC,KAAK,CAAC,CAAC,CAAC,CAAC,CAAC;YACb,QAAQ,CAAC,IAAI,GAAG,KAAK,CAAC,IAAI,CAAC;YAC3B,QAAQ,CAAC,QAAQ,GAAG,CAAC,CAAC;YACtB,SAAS,CAAC,UAAU,CAAC,CAAC,CAAC,GAAG,QAAQ,CAAC;QACrC,CAAC;QACD,IAAI,CAAC,EAAE,CAAC,CAAC,SAAS,CAAC,MAAM,CAAC,KAAK,CAAC,MAAM,KAAK,CAAC,CAAC,CAAC,CAAC;YAC7C,SAAS,CAAC,UAAU,CAAC,IAAI,CAAC,QAAQ,CAAC,CAAC;QACtC,CAAC;IACH,CAAC;IAED,EAAE,CAAC,CAAC,SAAS,CAAC,UAAU,CAAC,QAAQ,CAAC,CAAC,CAAC,CAAC;QACnC,MAAM,KAAK,GAAG,SAAS,CAAC,UAAU,CAAC,IAAI,CAAC,CAAC,CAAM,EAAE,EAAE;YACjD,MAAM,CAAC,CAAC,CAAC,IAAI,KAAK,QAAQ,CAAC,IAAI,CAAC;QAClC,CAAC,CAAC,CAAC;QAEH,EAAE,CAAC,CAAC,SAAS,CAAC,MAAM,CAAC,KAAK,CAAC,MAAM,KAAK,CAAC,CAAC,CAAC,CAAC;YACxC,MAAM,CAAC,GAAG,SAAS,CAAC,UAAU,CAAC,OAAO,CAAC,KAAK,CAAC,CAAC;YAC9C,EAAE,CAAC,CAAC,CAAC,KAAK,CAAC,CAAC,CAAC,CAAC,CAAC;gBACb,SAAS,CAAC,UAAU,CAAC,MAAM,CAAC,CAAC,EAAE,CAAC,CAAC,CAAC;YACpC,CAAC;QACH,CAAC;QACD,IAAI,CAAC,EAAE,CAAC,CAAC,CAAC,KAAK,CAAC,CAAC,CAAC;YAChB,SAAS,CAAC,UAAU,CAAC,IAAI,CAAC,QAAQ,CAAC,CAAC;QACtC,CAAC;IACH,CAAC;IAED,IAAI,EAAE,CAAC;AACT,CAAC,CAAC,CAAC;AAEH,eAAe,CAAC,GAAG,CAAC,MAAM,EAAE,cAAc,IAAI;IAC5C,MAAM,SAAS,GAAG,IAAI,CAAC;IACvB,EAAE,CAAC,CAAC,SAAS,CAAC,UAAU,CAAC,SAAS,CAAC,CAAC,CAAC,CAAC;QACpC,SAAS,CAAC,EAAE,GAAG,MAAM,CAAC,UAAU,CAAC,KAAK,CAAC,CAAC,MAAM,CAAC,SAAS,CAAC,OAAO,CAAC,CAAC,MAAM,CAAC,KAAK,CAAC,CAAC;IAClF,CAAC;IAED,IAAI,EAAE,CAAC;AACT,CAAC,CAAC,CAAC;AAEH,MAAM,WAAW,GAAG,QAAQ,CAAC,KAAK,CAAC,aAAa,EAAE,SAAS,CAAC,CAAC;AAC7D,kBAAe,WAAW,CAAC","sourcesContent":["import * as mongoose from \"mongoose\";\r\nimport * as crypto from \"crypto\";\r\n\r\nimport { isString } from \"util\";\r\n\r\nexport type ApplicationModel = mongoose.Document & {\r\n  author: string,\r\n  name: string,\r\n  description?: string,\r\n  algorithms: AlgorithmModel[]\r\n};\r\n\r\nexport type AlgorithmModel = {\r\n  version: string,\r\n  description?: string,\r\n  entryApp: {\r\n    appName: string,\r\n    localFile: boolean\r\n  },\r\n  files: string[],\r\n  parameters: ParameterModel[],\r\n  output: OutputModel,\r\n  id?: string\r\n};\r\n\r\nexport type OutputModel = {\r\n  stdout?: {\r\n    alias: string,\r\n    extention: string\r\n  },\r\n  stderr?: {\r\n    alias: string\r\n  },\r\n  files?: FileOutputModel[],\r\n};\r\n\r\nexport type FileOutputModel = {\r\n  fileRgx: string,\r\n  extention: string,\r\n  encoding: string,\r\n  alias: string\r\n};\r\n\r\nexport type File = {\r\n  data: any,\r\n  rawData: string\r\n  extention: string,\r\n  encoding: string,\r\n};\r\n\r\nexport type ParameterModel = {\r\n  name: string,\r\n  type: ParameterType,\r\n  description?: string,\r\n  position: number,\r\n  flag?: string,\r\n  options: {\r\n    static: boolean,\r\n    required: boolean,\r\n    nArgs: {\r\n      max: number,\r\n      min?: number\r\n    },\r\n    defaultArgs: string[],\r\n  }\r\n};\r\n\r\nexport enum ParameterType {\r\n  Primitive,\r\n  File\r\n}\r\n\r\n/**\r\n *  name: Identifier of the param.\r\n *  type: Constraint of the values type.\r\n *  default: Default values to apply if parameter.values not present in request, if null parameter will not be included in the call.\r\n *  required: If parameter not present in request, the flag and default values are used if provided else an error is generated.\r\n *  static: Ignores values of the request and uses default values.\r\n *  localFile: If true, the values must refere to a name of a file present in the uploaded files.\r\n */\r\n\r\nconst parameterSchema = new mongoose.Schema({\r\n  name: {\r\n    type: String,\r\n    required: true\r\n  },\r\n  type: {\r\n    type: String,\r\n    required: true,\r\n    enum: [ParameterType.Primitive, ParameterType.File]\r\n  },\r\n  description: String,\r\n  flag: {\r\n    type: String,\r\n    minlength: 2\r\n  },\r\n  position: {\r\n    type: Number,\r\n    required: true\r\n  },\r\n  options: {\r\n    static: {\r\n      type: Boolean,\r\n      required: true\r\n    },\r\n    required: {\r\n      type: Boolean,\r\n      required: true\r\n    },\r\n    nArgs: {\r\n      max: {\r\n        type: Number,\r\n        min: 0\r\n      },\r\n      min: {\r\n        type: Number,\r\n        min: 0,\r\n        required: true\r\n      }\r\n    },\r\n    defaultArgs: {\r\n      type: [String],\r\n      default: undefined\r\n    },\r\n  }\r\n}, { _id: false });\r\n\r\nconst fileOutputSchema = new mongoose.Schema({\r\n  fileRgx: {\r\n    type: String,\r\n    required: true\r\n  },\r\n  extention: String,\r\n  encoding: String,\r\n  alias: {\r\n    type: String,\r\n    required: true\r\n  }\r\n}, { _id: false });\r\n\r\nconst outputSchema = new mongoose.Schema({\r\n  files: [fileOutputSchema],\r\n  stdout: {\r\n    alias: {\r\n      default: \"stdout\",\r\n      type: String\r\n    },\r\n    extention: String\r\n  },\r\n  stderr: {\r\n    alias: {\r\n      default: \"stderr\",\r\n      type: String\r\n    }\r\n  }\r\n}, { _id: false });\r\n\r\nconst algorithmSchema = new mongoose.Schema({\r\n  version: {\r\n    type: String,\r\n    required: true\r\n  },\r\n  id: String,\r\n  description: String,\r\n  entryApp: {\r\n    appName: String,\r\n    localFile: Boolean,\r\n  },\r\n  files: [String],\r\n  parameters: {\r\n    type: [parameterSchema],\r\n    validate: {\r\n      validator: (params: ParameterModel[]) => {\r\n        for (let i = 0; i < params.length; i++) {\r\n          for (let n = i + 1; n < params.length; n++) {\r\n            if (params[i].name === params[n].name) {\r\n              return false;\r\n            }\r\n          }\r\n        }\r\n        return true;\r\n      },\r\n      message: \"Duplicate parameter name field\"\r\n    }\r\n  },\r\n  output: {\r\n    type: outputSchema,\r\n    validate: {\r\n      validator: (output: OutputModel) => {\r\n        const fout = output.files;\r\n        for (let i = 0; i < fout.length; i++) {\r\n          for (let n = i + 1; n < fout.length; n++) {\r\n            if (fout[i].alias === fout[n].alias) {\r\n              return false;\r\n            }\r\n          }\r\n        }\r\n        for (let i = 0; i < fout.length; i++) {\r\n          if (fout[i].alias === output.stdout.alias) {\r\n            return false;\r\n          }\r\n        }\r\n        return true;\r\n      },\r\n      message: \"Duplicate `alias` field name.\"\r\n    }\r\n  }\r\n}, { _id: false });\r\n\r\nconst appSchema = new mongoose.Schema({\r\n  author: {\r\n    type: String,\r\n    required: true,\r\n    minlength: 3\r\n  },\r\n  name: {\r\n    type: String,\r\n    required: true,\r\n    minlength: 3\r\n  },\r\n  id: {\r\n    type: String,\r\n    unique: true\r\n  },\r\n  description: String,\r\n  algorithms: [algorithmSchema]\r\n});\r\n\r\nappSchema.pre(\"save\", function save(next) {\r\n  const app = this;\r\n  if (app.isModified(\"author\") || app.isModified(\"name\")) {\r\n    app.id = crypto.createHash(\"md5\").update(app.name + app.author).digest(\"hex\");\r\n  }\r\n  next();\r\n});\r\n\r\nalgorithmSchema.pre(\"validate\", function validate(next) {\r\n  const algorithm = this;\r\n\r\n  const outParam: ParameterModel = {\r\n    name: \"outputDir\",\r\n    type: ParameterType.Primitive,\r\n    description: \"Output directory path. Files created by the aplication on this folder are read, parsed and returned.\",\r\n    position: algorithm.parameters.length,\r\n    options: {\r\n      static: true,\r\n      required: true,\r\n      nArgs: {\r\n        max: 1,\r\n        min: 1,\r\n      },\r\n      defaultArgs: [\"path/to/some/dir\"],\r\n    },\r\n  };\r\n\r\n  if (algorithm.isModified(\"parameters\")) {\r\n    const param = algorithm.parameters.find((p: any) => {\r\n      return p.name === outParam.name;\r\n    });\r\n\r\n    const i = algorithm.parameters.indexOf(param);\r\n\r\n    if (i !== -1) {\r\n      outParam.flag = param.flag;\r\n      outParam.position = i;\r\n      algorithm.parameters[i] = outParam;\r\n    }\r\n    else if (algorithm.output.files.length !== 0) {\r\n      algorithm.parameters.push(outParam);\r\n    }\r\n  }\r\n\r\n  if (algorithm.isModified(\"output\")) {\r\n    const param = algorithm.parameters.find((p: any) => {\r\n      return p.name === outParam.name;\r\n    });\r\n\r\n    if (algorithm.output.files.length === 0) {\r\n      const i = algorithm.parameters.indexOf(param);\r\n      if (i !== -1) {\r\n        algorithm.parameters.splice(i, 1);\r\n      }\r\n    }\r\n    else if (!param) {\r\n      algorithm.parameters.push(outParam);\r\n    }\r\n  }\r\n\r\n  next();\r\n});\r\n\r\nalgorithmSchema.pre(\"save\", function save(next) {\r\n  const algorithm = this;\r\n  if (algorithm.isModified(\"version\")) {\r\n    algorithm.id = crypto.createHash(\"md5\").update(algorithm.version).digest(\"hex\");\r\n  }\r\n\r\n  next();\r\n});\r\n\r\nconst Application = mongoose.model(\"Application\", appSchema);\r\nexport default Application;\r\n"]},"_coverageSchema":"332fd63041d2c1bcb487cc26dd0d5f7d97098a6c","hash":"da15fcbe1e5e66883e851184af6f2fa20a322f3b"}
,"/usr/src/app/src/utils/index.ts": {"path":"/usr/src/app/src/utils/index.ts","statementMap":{"0":{"start":{"line":2,"column":0},"end":{"line":2,"column":62}},"1":{"start":{"line":3,"column":14},"end":{"line":3,"column":32}},"2":{"start":{"line":4,"column":0},"end":{"line":4,"column":38}},"3":{"start":{"line":5,"column":0},"end":{"line":5,"column":32}},"4":{"start":{"line":6,"column":0},"end":{"line":6,"column":36}},"5":{"start":{"line":7,"column":0},"end":{"line":7,"column":40}}},"fnMap":{},"branchMap":{},"s":{"0":3,"1":3,"2":3,"3":3,"4":3,"5":3},"f":{},"b":{},"inputSourceMap":{"version":3,"file":"index.js","sourceRoot":"","sources":["index.ts"],"names":[],"mappings":";;AAAA,iCAAkE;AAAzD,4BAAA,SAAS,CAAA;AAAE,yBAAA,MAAM,CAAA;AAAE,2BAAA,QAAQ,CAAA;AAAE,6BAAA,UAAU,CAAA","sourcesContent":["export { isInteger, isBool, isString, mkdirsSync } from \"./utils\";\r\n"]},"_coverageSchema":"332fd63041d2c1bcb487cc26dd0d5f7d97098a6c","hash":"5929948b8fe8d3e800bba29478beb6a21d979ee6"}
,"/usr/src/app/src/utils/utils.ts": {"path":"/usr/src/app/src/utils/utils.ts","statementMap":{"0":{"start":{"line":2,"column":0},"end":{"line":2,"column":62}},"1":{"start":{"line":3,"column":13},"end":{"line":3,"column":28}},"2":{"start":{"line":4,"column":11},"end":{"line":4,"column":24}},"3":{"start":{"line":5,"column":15},"end":{"line":5,"column":30}},"4":{"start":{"line":7,"column":4},"end":{"line":9,"column":5}},"5":{"start":{"line":8,"column":8},"end":{"line":8,"column":58}},"6":{"start":{"line":10,"column":4},"end":{"line":10,"column":32}},"7":{"start":{"line":12,"column":0},"end":{"line":12,"column":28}},"8":{"start":{"line":14,"column":4},"end":{"line":14,"column":92}},"9":{"start":{"line":16,"column":0},"end":{"line":16,"column":24}},"10":{"start":{"line":18,"column":4},"end":{"line":20,"column":5}},"11":{"start":{"line":19,"column":8},"end":{"line":19,"column":45}},"12":{"start":{"line":21,"column":4},"end":{"line":21,"column":17}},"13":{"start":{"line":23,"column":0},"end":{"line":23,"column":30}},"14":{"start":{"line":25,"column":4},"end":{"line":38,"column":11}},"15":{"start":{"line":28,"column":8},"end":{"line":28,"column":41}},"16":{"start":{"line":29,"column":8},"end":{"line":36,"column":9}},"17":{"start":{"line":30,"column":12},"end":{"line":30,"column":38}},"18":{"start":{"line":33,"column":12},"end":{"line":35,"column":13}},"19":{"start":{"line":34,"column":16},"end":{"line":34,"column":26}},"20":{"start":{"line":37,"column":8},"end":{"line":37,"column":27}},"21":{"start":{"line":40,"column":0},"end":{"line":40,"column":32}}},"fnMap":{"0":{"name":"isString","decl":{"start":{"line":6,"column":9},"end":{"line":6,"column":17}},"loc":{"start":{"line":6,"column":29},"end":{"line":11,"column":1}},"line":6},"1":{"name":"isBool","decl":{"start":{"line":13,"column":9},"end":{"line":13,"column":15}},"loc":{"start":{"line":13,"column":21},"end":{"line":15,"column":1}},"line":13},"2":{"name":"isInteger","decl":{"start":{"line":17,"column":9},"end":{"line":17,"column":18}},"loc":{"start":{"line":17,"column":24},"end":{"line":22,"column":1}},"line":17},"3":{"name":"mkdirsSync","decl":{"start":{"line":24,"column":9},"end":{"line":24,"column":19}},"loc":{"start":{"line":24,"column":34},"end":{"line":39,"column":1}},"line":24},"4":{"name":"(anonymous_4)","decl":{"start":{"line":27,"column":16},"end":{"line":27,"column":17}},"loc":{"start":{"line":27,"column":41},"end":{"line":38,"column":5}},"line":27}},"branchMap":{"0":{"loc":{"start":{"line":7,"column":4},"end":{"line":9,"column":5}},"type":"if","locations":[{"start":{"line":7,"column":4},"end":{"line":9,"column":5}},{"start":{"line":7,"column":4},"end":{"line":9,"column":5}}],"line":7},"1":{"loc":{"start":{"line":8,"column":15},"end":{"line":8,"column":57}},"type":"binary-expr","locations":[{"start":{"line":8,"column":15},"end":{"line":8,"column":35}},{"start":{"line":8,"column":39},"end":{"line":8,"column":57}}],"line":8},"2":{"loc":{"start":{"line":14,"column":11},"end":{"line":14,"column":91}},"type":"binary-expr","locations":[{"start":{"line":14,"column":11},"end":{"line":14,"column":27}},{"start":{"line":14,"column":32},"end":{"line":14,"column":46}},{"start":{"line":14,"column":50},"end":{"line":14,"column":65}},{"start":{"line":14,"column":69},"end":{"line":14,"column":90}}],"line":14},"3":{"loc":{"start":{"line":18,"column":4},"end":{"line":20,"column":5}},"type":"if","locations":[{"start":{"line":18,"column":4},"end":{"line":20,"column":5}},{"start":{"line":18,"column":4},"end":{"line":20,"column":5}}],"line":18},"4":{"loc":{"start":{"line":33,"column":12},"end":{"line":35,"column":13}},"type":"if","locations":[{"start":{"line":33,"column":12},"end":{"line":35,"column":13}},{"start":{"line":33,"column":12},"end":{"line":35,"column":13}}],"line":33}},"s":{"0":3,"1":3,"2":3,"3":3,"4":39,"5":14,"6":25,"7":3,"8":8,"9":3,"10":0,"11":0,"12":0,"13":3,"14":0,"15":0,"16":0,"17":0,"18":0,"19":0,"20":0,"21":3},"f":{"0":39,"1":8,"2":0,"3":0,"4":0},"b":{"0":[14,25],"1":[14,10],"2":[8,0,0,0],"3":[0,0],"4":[0,0]},"inputSourceMap":{"version":3,"file":"utils.js","sourceRoot":"","sources":["utils.ts"],"names":[],"mappings":";;AAAA,6BAA6B;AAC7B,yBAAyB;AACzB,+BAA2E;AAE3E,kBAAyB,GAAQ,EAAE,IAAa;IAC9C,EAAE,CAAC,CAAC,IAAI,CAAC,CAAC,CAAC;QACT,MAAM,CAAC,eAAK,CAAC,GAAG,CAAC,IAAI,GAAG,CAAC,MAAM,IAAI,IAAI,CAAC;IAC1C,CAAC;IACD,MAAM,CAAC,eAAK,CAAC,GAAG,CAAC,CAAC;AACpB,CAAC;AALD,4BAKC;AAED,gBAAuB,GAAQ;IAC7B,MAAM,CAAC,GAAG,IAAI,SAAS,IAAI,CAAC,GAAG,KAAK,MAAM,IAAI,GAAG,KAAK,OAAO,IAAI,gBAAS,CAAC,GAAG,CAAC,CAAC,CAAC;AACnF,CAAC;AAFD,wBAEC;AAED,mBAA0B,GAAQ;IAChC,EAAE,CAAC,CAAC,CAAC,CAAC,GAAG,YAAY,KAAK,CAAC,CAAC,CAAC,CAAC;QAC5B,MAAM,CAAC,MAAM,CAAC,SAAS,CAAC,MAAM,CAAC,GAAG,CAAC,CAAC,CAAC;IACvC,CAAC;IACD,MAAM,CAAC,KAAK,CAAC;AACf,CAAC;AALD,8BAKC;AAED,oBAA2B,YAAoB;IAC7C,YAAY;SACT,KAAK,CAAC,IAAI,CAAC,GAAG,CAAC;SACf,MAAM,CAAC,CAAC,WAAW,EAAE,MAAM,EAAE,EAAE;QAC9B,WAAW,IAAI,MAAM,GAAG,IAAI,CAAC,GAAG,CAAC;QAEjC,IAAI,CAAC;YACH,EAAE,CAAC,SAAS,CAAC,WAAW,CAAC,CAAC;QAC5B,CAAC;QACD,KAAK,CAAC,CAAC,GAAG,CAAC,CAAC,CAAC;YACX,EAAE,CAAC,CAAC,GAAG,CAAC,IAAI,KAAK,QAAQ,CAAC,CAAC,CAAC;gBAC1B,MAAM,GAAG,CAAC;YACZ,CAAC;QACH,CAAC;QAED,MAAM,CAAC,WAAW,CAAC;IACrB,CAAC,EAAE,EAAE,CAAC,CAAC;AACX,CAAC;AAjBD,gCAiBC","sourcesContent":["import * as path from \"path\";\r\nimport * as fs from \"fs\";\r\nimport { isBoolean, isNumber, isString as isStr, isPrimitive } from \"util\";\r\n\r\nexport function isString(val: any, size?: number) {\r\n  if (size) {\r\n    return isStr(val) && val.length >= size;\r\n  }\r\n  return isStr(val);\r\n}\r\n\r\nexport function isBool(val: any) {\r\n  return val != undefined && (val === \"true\" || val === \"false\" || isBoolean(val));\r\n}\r\n\r\nexport function isInteger(val: any) {\r\n  if (!(val instanceof Array)) {\r\n    return Number.isInteger(Number(val));\r\n  }\r\n  return false;\r\n}\r\n\r\nexport function mkdirsSync(pathToCreate: string) {\r\n  pathToCreate\r\n    .split(path.sep)\r\n    .reduce((currentPath, folder) => {\r\n      currentPath += folder + path.sep;\r\n\r\n      try {\r\n        fs.mkdirSync(currentPath);\r\n      }\r\n      catch (err) {\r\n        if (err.code !== \"EEXIST\") {\r\n          throw err;\r\n        }\r\n      }\r\n\r\n      return currentPath;\r\n    }, \"\");\r\n}\r\n"]},"_coverageSchema":"332fd63041d2c1bcb487cc26dd0d5f7d97098a6c","hash":"7c93186a64d8d5cd67ff33d4cfc89940280bebaa"}
,"/usr/src/app/test/app.mock.ts": {"path":"/usr/src/app/test/app.mock.ts","statementMap":{"0":{"start":{"line":2,"column":0},"end":{"line":2,"column":62}},"1":{"start":{"line":3,"column":16},"end":{"line":3,"column":34}},"2":{"start":{"line":4,"column":19},"end":{"line":4,"column":41}},"3":{"start":{"line":5,"column":15},"end":{"line":5,"column":39}},"4":{"start":{"line":7,"column":12},"end":{"line":7,"column":21}},"5":{"start":{"line":9,"column":0},"end":{"line":9,"column":27}},"6":{"start":{"line":10,"column":0},"end":{"line":10,"column":51}},"7":{"start":{"line":12,"column":0},"end":{"line":12,"column":18}},"8":{"start":{"line":13,"column":0},"end":{"line":13,"column":21}}},"fnMap":{},"branchMap":{},"s":{"0":3,"1":3,"2":3,"3":3,"4":3,"5":3,"6":3,"7":3,"8":3},"f":{},"b":{},"inputSourceMap":{"version":3,"file":"app.mock.js","sourceRoot":"","sources":["app.mock.ts"],"names":[],"mappings":";;AAAA,mCAAmC;AACnC,0CAA0C;AAE1C,wCAAwC;AAExC,wBAAwB;AACxB,MAAM,GAAG,GAAG,OAAO,EAAE,CAAC;AAEtB,wBAAwB;AACxB,GAAG,CAAC,GAAG,CAAC,UAAU,CAAC,IAAI,EAAE,CAAC,CAAC;AAC3B,GAAG,CAAC,GAAG,CAAC,UAAU,CAAC,UAAU,CAAC,EAAE,QAAQ,EAAE,IAAI,EAAE,CAAC,CAAC,CAAC;AAEnD,eAAe;AACf,MAAM,CAAC,KAAK,CAAC,GAAG,CAAC,CAAC;AAElB,MAAM,CAAC,OAAO,GAAG,GAAG,CAAC","sourcesContent":["import * as express from \"express\";\r\nimport * as bodyParser from \"body-parser\";\r\n\r\nimport * as routes from \"../src/routes\";\r\n\r\n// Create Express server\r\nconst app = express();\r\n\r\n// Express configuration\r\napp.use(bodyParser.json());\r\napp.use(bodyParser.urlencoded({ extended: true }));\r\n\r\n// Routes Setup\r\nroutes.setup(app);\r\n\r\nmodule.exports = app;\r\n"]},"_coverageSchema":"332fd63041d2c1bcb487cc26dd0d5f7d97098a6c","hash":"339ea69f68f846790138901cba174ab70dc19eda"}
}
