TN:
SF:/usr/src/app/src/routes.ts
FN:7,setup
FNF:1
FNH:1
FNDA:3,setup
DA:2,3
DA:3,3
DA:5,3
DA:6,3
DA:8,3
DA:9,3
DA:10,3
DA:11,3
DA:12,3
DA:13,3
DA:14,3
DA:15,3
DA:16,3
DA:17,3
DA:18,3
DA:19,3
DA:21,3
LF:17
LH:17
BRF:0
BRH:0
end_of_record
TN:
SF:/usr/src/app/src/controllers/application.ts
FN:2,__export
FN:9,getApplications
FN:12,(anonymous_2)
FN:27,containsSubstr
FN:37,getApplication
FN:40,(anonymous_5)
FN:50,getApplicationVersion
FN:84,(anonymous_7)
FNF:8
FNH:1
FNDA:6,__export
FNDA:0,getApplications
FNDA:0,(anonymous_2)
FNDA:0,containsSubstr
FNDA:0,getApplication
FNDA:0,(anonymous_5)
FNDA:0,getApplicationVersion
FNDA:0,(anonymous_7)
DA:3,21
DA:5,3
DA:6,3
DA:7,3
DA:8,3
DA:10,0
DA:13,0
DA:14,0
DA:15,0
DA:16,0
DA:17,0
DA:18,0
DA:19,0
DA:23,0
DA:26,3
DA:28,0
DA:29,0
DA:30,0
DA:31,0
DA:35,0
DA:38,0
DA:41,0
DA:42,0
DA:43,0
DA:44,0
DA:46,0
DA:49,3
DA:51,0
DA:85,0
DA:86,0
DA:87,0
DA:88,0
DA:90,0
DA:91,0
DA:94,3
LF:35
LH:8
BRDA:3,0,0,21
BRDA:3,0,1,0
BRDA:13,1,0,0
BRDA:13,1,1,0
BRDA:15,2,0,0
BRDA:15,2,1,0
BRDA:18,3,0,0
BRDA:18,3,1,0
BRDA:30,4,0,0
BRDA:30,4,1,0
BRDA:41,5,0,0
BRDA:41,5,1,0
BRDA:43,6,0,0
BRDA:43,6,1,0
BRDA:85,7,0,0
BRDA:85,7,1,0
BRDA:87,8,0,0
BRDA:87,8,1,0
BRF:18
BRH:1
end_of_record
TN:
SF:/usr/src/app/src/controllers/sandbox.ts
FN:4,registerContainer
FNF:1
FNH:0
FNDA:0,registerContainer
DA:2,3
DA:3,3
DA:5,0
DA:6,0
DA:8,3
LF:5
LH:3
BRF:0
BRH:0
end_of_record
TN:
SF:/usr/src/app/src/controllers/app.creation/index.ts
FNF:0
FNH:0
DA:2,3
DA:3,3
DA:4,3
DA:5,3
DA:6,3
DA:7,3
DA:8,3
DA:9,3
DA:10,3
DA:11,3
LF:10
LH:10
BRF:0
BRH:0
end_of_record
TN:
SF:/usr/src/app/src/controllers/app.creation/post.application.ts
FN:2,(anonymous_0)
FN:3,(anonymous_1)
FN:4,fulfilled
FN:5,rejected
FN:6,step
FN:6,(anonymous_5)
FN:13,postCreateApp
FN:14,(anonymous_7)
FN:53,postCreatAlgorithm
FN:54,(anonymous_9)
FN:87,(anonymous_10)
FN:102,(anonymous_11)
FNF:12
FNH:12
FNDA:13,(anonymous_0)
FNDA:13,(anonymous_1)
FNDA:8,fulfilled
FNDA:1,rejected
FNDA:22,step
FNDA:9,(anonymous_5)
FNDA:7,postCreateApp
FNDA:7,(anonymous_7)
FNDA:6,postCreatAlgorithm
FNDA:6,(anonymous_9)
FNDA:1,(anonymous_10)
FNDA:2,(anonymous_11)
DA:2,3
DA:3,13
DA:4,8
DA:5,1
DA:6,22
DA:7,13
DA:10,3
DA:11,3
DA:12,3
DA:14,7
DA:15,7
DA:16,7
DA:17,2
DA:19,7
DA:20,2
DA:22,7
DA:23,0
DA:26,7
DA:28,7
DA:29,4
DA:31,3
DA:37,3
DA:38,3
DA:41,1
DA:42,1
DA:44,0
DA:46,2
DA:47,2
DA:48,2
DA:49,2
DA:52,3
DA:54,6
DA:55,6
DA:56,6
DA:57,0
DA:59,6
DA:60,1
DA:62,6
DA:63,1
DA:65,6
DA:66,2
DA:69,4
DA:70,4
DA:73,0
DA:75,4
DA:83,4
DA:84,1
DA:87,3
DA:88,1
DA:90,3
DA:91,1
DA:94,2
DA:95,2
DA:96,2
DA:99,0
DA:101,2
DA:102,2
DA:103,2
DA:105,2
DA:106,2
DA:107,2
DA:112,3
LF:62
LH:57
BRDA:2,0,0,3
BRDA:2,0,1,3
BRDA:2,0,2,3
BRDA:3,1,0,13
BRDA:3,1,1,13
BRDA:6,2,0,13
BRDA:6,2,1,9
BRDA:7,3,0,13
BRDA:7,3,1,13
BRDA:16,4,0,2
BRDA:16,4,1,5
BRDA:19,5,0,2
BRDA:19,5,1,5
BRDA:22,6,0,0
BRDA:22,6,1,7
BRDA:22,7,0,7
BRDA:22,7,1,1
BRDA:26,8,0,7
BRDA:26,8,1,1
BRDA:28,9,0,4
BRDA:28,9,1,3
BRDA:41,10,0,1
BRDA:41,10,1,0
BRDA:56,11,0,0
BRDA:56,11,1,6
BRDA:59,12,0,1
BRDA:59,12,1,5
BRDA:59,13,0,6
BRDA:59,13,1,5
BRDA:62,14,0,1
BRDA:62,14,1,5
BRDA:62,15,0,6
BRDA:62,15,1,5
BRDA:65,16,0,2
BRDA:65,16,1,4
BRDA:83,17,0,1
BRDA:83,17,1,3
BRDA:90,18,0,1
BRDA:90,18,1,2
BRF:39
BRH:36
end_of_record
TN:
SF:/usr/src/app/src/controllers/app.creation/post.output.ts
FN:2,(anonymous_0)
FN:3,(anonymous_1)
FN:4,fulfilled
FN:5,rejected
FN:6,step
FN:6,(anonymous_5)
FN:12,postUpdateOutput
FN:13,(anonymous_7)
FN:24,(anonymous_8)
FN:52,handleValidationError
FNF:10
FNH:0
FNDA:0,(anonymous_0)
FNDA:0,(anonymous_1)
FNDA:0,fulfilled
FNDA:0,rejected
FNDA:0,step
FNDA:0,(anonymous_5)
FNDA:0,postUpdateOutput
FNDA:0,(anonymous_7)
FNDA:0,(anonymous_8)
FNDA:0,handleValidationError
DA:2,3
DA:3,0
DA:4,0
DA:5,0
DA:6,0
DA:7,0
DA:10,3
DA:11,3
DA:13,0
DA:15,0
DA:16,0
DA:19,0
DA:21,0
DA:22,0
DA:24,0
DA:25,0
DA:27,0
DA:28,0
DA:29,0
DA:30,0
DA:33,0
DA:35,0
DA:36,0
DA:38,0
DA:39,0
DA:42,0
DA:44,0
DA:45,0
DA:46,0
DA:47,0
DA:48,0
DA:51,3
DA:53,0
DA:54,0
DA:55,0
DA:56,0
DA:57,0
LF:37
LH:4
BRDA:2,0,0,3
BRDA:2,0,1,3
BRDA:2,0,2,3
BRDA:3,1,0,0
BRDA:3,1,1,0
BRDA:6,2,0,0
BRDA:6,2,1,0
BRDA:7,3,0,0
BRDA:7,3,1,0
BRDA:21,4,0,0
BRDA:21,4,1,0
BRDA:35,5,0,0
BRDA:35,5,1,0
BRDA:54,6,0,0
BRDA:54,6,1,0
BRDA:56,7,0,0
BRDA:56,7,1,0
BRF:17
BRH:3
end_of_record
TN:
SF:/usr/src/app/src/controllers/app.creation/post.parameter.ts
FN:2,(anonymous_0)
FN:3,(anonymous_1)
FN:4,fulfilled
FN:5,rejected
FN:6,step
FN:6,(anonymous_5)
FN:13,postUpdateParameters
FN:14,(anonymous_7)
FN:39,(anonymous_8)
FN:54,(anonymous_9)
FN:85,paramSetDefaults
FN:94,handleValidationError
FN:106,checkParamConstraints
FN:118,validateParamConstraints
FNF:14
FNH:14
FNDA:8,(anonymous_0)
FNDA:8,(anonymous_1)
FNDA:8,fulfilled
FNDA:8,rejected
FNDA:24,step
FNDA:16,(anonymous_5)
FNDA:8,postUpdateParameters
FNDA:8,(anonymous_7)
FNDA:8,(anonymous_8)
FNDA:9,(anonymous_9)
FNDA:9,paramSetDefaults
FNDA:8,handleValidationError
FNDA:8,checkParamConstraints
FNDA:9,validateParamConstraints
DA:2,3
DA:3,8
DA:4,8
DA:5,8
DA:6,24
DA:7,8
DA:10,3
DA:11,3
DA:12,3
DA:14,8
DA:15,8
DA:16,8
DA:17,0
DA:19,8
DA:20,0
DA:23,8
DA:25,8
DA:26,0
DA:29,8
DA:30,8
DA:33,0
DA:35,8
DA:36,0
DA:39,8
DA:40,8
DA:42,8
DA:43,0
DA:45,8
DA:49,8
DA:50,8
DA:51,8
DA:52,8
DA:53,8
DA:54,8
DA:55,9
DA:56,9
DA:58,8
DA:59,8
DA:60,8
DA:63,8
DA:65,8
DA:66,8
DA:67,8
DA:69,0
DA:70,0
DA:73,0
DA:75,0
DA:76,0
DA:77,0
DA:78,0
DA:79,0
DA:84,3
DA:86,9
DA:87,9
DA:88,9
DA:89,9
DA:90,9
DA:91,9
DA:92,9
DA:95,8
DA:96,8
DA:97,8
DA:98,8
DA:99,8
DA:107,8
DA:108,9
DA:109,9
DA:110,3
DA:111,3
DA:112,3
DA:113,3
DA:119,9
DA:120,9
DA:121,1
DA:124,8
DA:125,0
DA:127,8
DA:128,1
DA:131,9
DA:132,0
DA:134,9
DA:135,1
DA:137,9
DA:138,6
DA:140,9
DA:141,0
DA:142,0
DA:143,0
DA:144,0
DA:146,0
DA:149,9
LF:91
LH:70
BRDA:2,0,0,3
BRDA:2,0,1,3
BRDA:2,0,2,3
BRDA:3,1,0,8
BRDA:3,1,1,8
BRDA:6,2,0,8
BRDA:6,2,1,16
BRDA:7,3,0,8
BRDA:7,3,1,8
BRDA:16,4,0,0
BRDA:16,4,1,8
BRDA:16,5,0,8
BRDA:16,5,1,8
BRDA:19,6,0,0
BRDA:19,6,1,8
BRDA:19,7,0,8
BRDA:19,7,1,8
BRDA:23,8,0,0
BRDA:23,8,1,8
BRDA:23,9,0,0
BRDA:23,9,1,0
BRDA:25,10,0,0
BRDA:25,10,1,8
BRDA:35,11,0,0
BRDA:35,11,1,8
BRDA:42,12,0,0
BRDA:42,12,1,8
BRDA:42,13,0,8
BRDA:42,13,1,8
BRDA:50,14,0,8
BRDA:50,14,1,0
BRDA:51,15,0,8
BRDA:51,15,1,0
BRDA:66,16,0,8
BRDA:66,16,1,0
BRDA:86,17,0,8
BRDA:86,17,1,1
BRDA:88,18,0,9
BRDA:88,18,1,2
BRDA:89,19,0,9
BRDA:89,19,1,6
BRDA:90,20,0,9
BRDA:90,20,1,6
BRDA:91,21,0,9
BRDA:91,21,1,8
BRDA:92,22,0,1
BRDA:92,22,1,8
BRDA:92,23,0,9
BRDA:92,23,1,8
BRDA:96,24,0,8
BRDA:96,24,1,0
BRDA:98,25,0,0
BRDA:98,25,1,8
BRDA:110,26,0,3
BRDA:110,26,1,0
BRDA:111,27,0,0
BRDA:111,27,1,3
BRDA:112,28,0,3
BRDA:112,28,1,3
BRDA:120,29,0,1
BRDA:120,29,1,8
BRDA:124,30,0,0
BRDA:124,30,1,8
BRDA:124,31,0,8
BRDA:124,31,1,3
BRDA:127,32,0,1
BRDA:127,32,1,7
BRDA:127,33,0,8
BRDA:127,33,1,3
BRDA:131,34,0,0
BRDA:131,34,1,9
BRDA:131,35,0,9
BRDA:131,35,1,1
BRDA:134,36,0,1
BRDA:134,36,1,8
BRDA:134,37,0,9
BRDA:134,37,1,2
BRDA:134,37,2,2
BRDA:137,38,0,6
BRDA:137,38,1,3
BRDA:140,39,0,0
BRDA:140,39,1,9
BRDA:140,40,0,9
BRDA:140,40,1,9
BRDA:140,40,2,0
BRDA:143,41,0,0
BRDA:143,41,1,0
BRF:87
BRH:66
end_of_record
TN:
SF:/usr/src/app/src/controllers/app.creation/post.uploader.ts
FN:2,(anonymous_0)
FN:3,(anonymous_1)
FN:4,fulfilled
FN:5,rejected
FN:6,step
FN:6,(anonymous_5)
FN:22,postUpload
FN:23,(anonymous_7)
FN:54,(anonymous_8)
FN:84,moveFiles
FN:86,(anonymous_10)
FN:87,(anonymous_11)
FN:88,(anonymous_12)
FN:90,(anonymous_13)
FN:97,(anonymous_14)
FN:99,(anonymous_15)
FN:102,(anonymous_16)
FN:108,(anonymous_17)
FN:119,emptyDir
FN:120,(anonymous_19)
FN:121,(anonymous_20)
FN:128,deleteFiles
FN:129,(anonymous_22)
FN:130,(anonymous_23)
FN:131,(anonymous_24)
FN:139,updateAlgorithmFiles
FN:153,isDir
FNF:27
FNH:0
FNDA:0,(anonymous_0)
FNDA:0,(anonymous_1)
FNDA:0,fulfilled
FNDA:0,rejected
FNDA:0,step
FNDA:0,(anonymous_5)
FNDA:0,postUpload
FNDA:0,(anonymous_7)
FNDA:0,(anonymous_8)
FNDA:0,moveFiles
FNDA:0,(anonymous_10)
FNDA:0,(anonymous_11)
FNDA:0,(anonymous_12)
FNDA:0,(anonymous_13)
FNDA:0,(anonymous_14)
FNDA:0,(anonymous_15)
FNDA:0,(anonymous_16)
FNDA:0,(anonymous_17)
FNDA:0,emptyDir
FNDA:0,(anonymous_19)
FNDA:0,(anonymous_20)
FNDA:0,deleteFiles
FNDA:0,(anonymous_22)
FNDA:0,(anonymous_23)
FNDA:0,(anonymous_24)
FNDA:0,updateAlgorithmFiles
FNDA:0,isDir
DA:2,3
DA:3,0
DA:4,0
DA:5,0
DA:6,0
DA:7,0
DA:10,3
DA:11,3
DA:12,3
DA:13,3
DA:14,3
DA:15,3
DA:16,3
DA:17,3
DA:23,0
DA:24,0
DA:25,0
DA:26,0
DA:28,0
DA:29,0
DA:32,0
DA:34,0
DA:35,0
DA:38,0
DA:39,0
DA:42,0
DA:44,0
DA:45,0
DA:46,0
DA:49,0
DA:51,0
DA:54,0
DA:55,0
DA:57,0
DA:58,0
DA:59,0
DA:62,0
DA:64,0
DA:65,0
DA:67,0
DA:68,0
DA:69,0
DA:70,0
DA:73,0
DA:75,0
DA:76,0
DA:77,0
DA:78,0
DA:79,0
DA:83,3
DA:85,0
DA:86,0
DA:87,0
DA:88,0
DA:89,0
DA:90,0
DA:91,0
DA:94,0
DA:95,0
DA:96,0
DA:98,0
DA:99,0
DA:100,0
DA:102,0
DA:103,0
DA:104,0
DA:105,0
DA:109,0
DA:113,0
DA:120,0
DA:121,0
DA:122,0
DA:123,0
DA:124,0
DA:129,0
DA:130,0
DA:131,0
DA:132,0
DA:133,0
DA:134,0
DA:140,0
DA:141,0
DA:143,0
DA:144,0
DA:145,0
DA:146,0
DA:147,0
DA:148,0
DA:154,0
DA:155,0
DA:157,0
LF:91
LH:10
BRDA:2,0,0,3
BRDA:2,0,1,3
BRDA:2,0,2,3
BRDA:3,1,0,0
BRDA:3,1,1,0
BRDA:6,2,0,0
BRDA:6,2,1,0
BRDA:7,3,0,0
BRDA:7,3,1,0
BRDA:25,4,0,0
BRDA:25,4,1,0
BRDA:25,5,0,0
BRDA:25,5,1,0
BRDA:28,6,0,0
BRDA:28,6,1,0
BRDA:34,7,0,0
BRDA:34,7,1,0
BRDA:44,8,0,0
BRDA:44,8,1,0
BRDA:64,9,0,0
BRDA:64,9,1,0
BRDA:89,10,0,0
BRDA:89,10,1,0
BRDA:94,11,0,0
BRDA:94,11,1,0
BRDA:103,12,0,0
BRDA:103,12,1,0
BRDA:122,13,0,0
BRDA:122,13,1,0
BRDA:132,14,0,0
BRDA:132,14,1,0
BRDA:140,15,0,0
BRDA:140,15,1,0
BRDA:145,16,0,0
BRDA:145,16,1,0
BRDA:147,17,0,0
BRDA:147,17,1,0
BRDA:154,18,0,0
BRDA:154,18,1,0
BRF:39
BRH:3
end_of_record
TN:
SF:/usr/src/app/src/controllers/app.invoke/exec.app.ts
FN:2,(anonymous_0)
FN:3,(anonymous_1)
FN:4,fulfilled
FN:5,rejected
FN:6,step
FN:6,(anonymous_5)
FN:21,(anonymous_6)
FN:27,(anonymous_7)
FN:28,(anonymous_8)
FN:35,(anonymous_9)
FN:36,(anonymous_10)
FN:41,(anonymous_11)
FN:44,(anonymous_12)
FN:55,(anonymous_13)
FN:60,(anonymous_14)
FN:62,(anonymous_15)
FN:72,(anonymous_16)
FN:76,(anonymous_17)
FN:80,(anonymous_18)
FN:81,(anonymous_19)
FN:84,(anonymous_20)
FN:92,(anonymous_21)
FN:97,(anonymous_22)
FN:98,(anonymous_23)
FN:101,(anonymous_24)
FN:157,(anonymous_25)
FN:165,(anonymous_26)
FN:166,(anonymous_27)
FN:167,(anonymous_28)
FNF:29
FNH:0
FNDA:0,(anonymous_0)
FNDA:0,(anonymous_1)
FNDA:0,fulfilled
FNDA:0,rejected
FNDA:0,step
FNDA:0,(anonymous_5)
FNDA:0,(anonymous_6)
FNDA:0,(anonymous_7)
FNDA:0,(anonymous_8)
FNDA:0,(anonymous_9)
FNDA:0,(anonymous_10)
FNDA:0,(anonymous_11)
FNDA:0,(anonymous_12)
FNDA:0,(anonymous_13)
FNDA:0,(anonymous_14)
FNDA:0,(anonymous_15)
FNDA:0,(anonymous_16)
FNDA:0,(anonymous_17)
FNDA:0,(anonymous_18)
FNDA:0,(anonymous_19)
FNDA:0,(anonymous_20)
FNDA:0,(anonymous_21)
FNDA:0,(anonymous_22)
FNDA:0,(anonymous_23)
FNDA:0,(anonymous_24)
FNDA:0,(anonymous_25)
FNDA:0,(anonymous_26)
FNDA:0,(anonymous_27)
FNDA:0,(anonymous_28)
DA:2,3
DA:3,0
DA:4,0
DA:5,0
DA:6,0
DA:7,0
DA:10,3
DA:11,3
DA:12,3
DA:13,3
DA:14,3
DA:15,3
DA:16,3
DA:17,3
DA:18,3
DA:19,3
DA:22,0
DA:23,0
DA:24,0
DA:25,0
DA:28,0
DA:29,0
DA:30,0
DA:31,0
DA:32,0
DA:36,0
DA:37,0
DA:38,0
DA:42,0
DA:45,0
DA:55,0
DA:56,0
DA:58,0
DA:61,0
DA:62,0
DA:63,0
DA:65,0
DA:73,0
DA:77,0
DA:78,0
DA:79,0
DA:80,0
DA:81,0
DA:82,0
DA:83,0
DA:84,0
DA:85,0
DA:86,0
DA:87,0
DA:93,0
DA:94,0
DA:95,0
DA:98,0
DA:99,0
DA:100,0
DA:101,0
DA:102,0
DA:104,0
DA:106,0
DA:107,0
DA:108,0
DA:110,0
DA:111,0
DA:114,0
DA:115,0
DA:117,0
DA:118,0
DA:121,0
DA:124,0
DA:125,0
DA:128,0
DA:129,0
DA:130,0
DA:131,0
DA:132,0
DA:133,0
DA:135,0
DA:136,0
DA:137,0
DA:138,0
DA:139,0
DA:141,0
DA:142,0
DA:145,0
DA:146,0
DA:148,0
DA:149,0
DA:151,0
DA:154,0
DA:158,0
DA:159,0
DA:160,0
DA:161,0
DA:162,0
DA:163,0
DA:166,0
DA:167,0
DA:168,0
DA:169,0
DA:170,0
DA:171,0
DA:176,3
LF:102
LH:12
BRDA:2,0,0,3
BRDA:2,0,1,3
BRDA:2,0,2,3
BRDA:3,1,0,0
BRDA:3,1,1,0
BRDA:6,2,0,0
BRDA:6,2,1,0
BRDA:7,3,0,0
BRDA:7,3,1,0
BRDA:37,4,0,0
BRDA:37,4,1,0
BRDA:82,5,0,0
BRDA:82,5,1,0
BRDA:82,6,0,0
BRDA:82,6,1,0
BRDA:85,7,0,0
BRDA:85,7,1,0
BRDA:85,8,0,0
BRDA:85,8,1,0
BRDA:93,9,0,0
BRDA:93,9,1,0
BRDA:95,10,0,0
BRDA:95,10,1,0
BRDA:106,11,0,0
BRDA:106,11,1,0
BRDA:110,12,0,0
BRDA:110,12,1,0
BRDA:114,13,0,0
BRDA:114,13,1,0
BRDA:114,14,0,0
BRDA:114,14,1,0
BRDA:114,14,2,0
BRDA:114,14,3,0
BRDA:117,15,0,0
BRDA:117,15,1,0
BRDA:124,16,0,0
BRDA:124,16,1,0
BRDA:131,17,0,0
BRDA:131,17,1,0
BRDA:136,18,0,0
BRDA:136,18,1,0
BRDA:138,19,0,0
BRDA:138,19,1,0
BRDA:141,20,0,0
BRDA:141,20,1,0
BRDA:145,21,0,0
BRDA:145,21,1,0
BRDA:160,22,0,0
BRDA:160,22,1,0
BRDA:168,23,0,0
BRDA:168,23,1,0
BRF:51
BRH:3
end_of_record
TN:
SF:/usr/src/app/src/controllers/app.invoke/index.ts
FNF:0
FNH:0
DA:2,3
DA:3,3
DA:4,3
DA:5,3
LF:4
LH:4
BRF:0
BRH:0
end_of_record
TN:
SF:/usr/src/app/src/controllers/app.invoke/pipe.output.ts
FN:7,(anonymous_0)
FN:11,(anonymous_1)
FN:15,(anonymous_2)
FN:20,(anonymous_3)
FN:25,(anonymous_4)
FN:27,(anonymous_5)
FN:39,(anonymous_6)
FN:53,(anonymous_7)
FN:58,(anonymous_8)
FN:73,(anonymous_9)
FNF:10
FNH:0
FNDA:0,(anonymous_0)
FNDA:0,(anonymous_1)
FNDA:0,(anonymous_2)
FNDA:0,(anonymous_3)
FNDA:0,(anonymous_4)
FNDA:0,(anonymous_5)
FNDA:0,(anonymous_6)
FNDA:0,(anonymous_7)
FNDA:0,(anonymous_8)
FNDA:0,(anonymous_9)
DA:2,3
DA:3,3
DA:4,3
DA:5,3
DA:8,0
DA:9,0
DA:12,0
DA:13,0
DA:14,0
DA:15,0
DA:16,0
DA:19,0
DA:20,0
DA:21,0
DA:24,0
DA:25,0
DA:26,0
DA:27,0
DA:28,0
DA:30,0
DA:31,0
DA:32,0
DA:34,0
DA:38,0
DA:40,0
DA:41,0
DA:42,0
DA:54,0
DA:55,0
DA:59,0
DA:60,0
DA:61,0
DA:62,0
DA:63,0
DA:64,0
DA:65,0
DA:66,0
DA:67,0
DA:69,0
DA:70,0
DA:71,0
DA:74,0
DA:75,0
DA:76,0
DA:77,0
DA:78,0
DA:79,0
DA:80,0
DA:81,0
DA:82,0
DA:85,0
DA:89,3
LF:52
LH:5
BRDA:14,0,0,0
BRDA:14,0,1,0
BRDA:19,1,0,0
BRDA:19,1,1,0
BRDA:24,2,0,0
BRDA:24,2,1,0
BRDA:30,3,0,0
BRDA:30,3,1,0
BRDA:31,4,0,0
BRDA:31,4,1,0
BRDA:66,5,0,0
BRDA:66,5,1,0
BRDA:77,6,0,0
BRDA:77,6,1,0
BRDA:81,7,0,0
BRDA:81,7,1,0
BRF:16
BRH:0
end_of_record
TN:
SF:/usr/src/app/src/controllers/app.invoke/pipe.raw.ts
FN:6,(anonymous_0)
FN:10,(anonymous_1)
FN:13,(anonymous_2)
FN:16,(anonymous_3)
FNF:4
FNH:0
FNDA:0,(anonymous_0)
FNDA:0,(anonymous_1)
FNDA:0,(anonymous_2)
FNDA:0,(anonymous_3)
DA:2,3
DA:3,3
DA:4,3
DA:7,0
DA:8,0
DA:11,0
DA:14,0
DA:17,0
DA:20,3
LF:9
LH:4
BRF:0
BRH:0
end_of_record
TN:
SF:/usr/src/app/src/controllers/app.invoke/post.invoke.ts
FN:2,(anonymous_0)
FN:3,(anonymous_1)
FN:4,fulfilled
FN:5,rejected
FN:6,step
FN:6,(anonymous_5)
FN:15,(anonymous_6)
FN:24,invokeAlgorithm
FN:25,(anonymous_8)
FN:53,invokeAlgorithmV2
FN:54,(anonymous_10)
FN:68,(anonymous_11)
FNF:12
FNH:1
FNDA:0,(anonymous_0)
FNDA:0,(anonymous_1)
FNDA:0,fulfilled
FNDA:0,rejected
FNDA:0,step
FNDA:0,(anonymous_5)
FNDA:3,(anonymous_6)
FNDA:0,invokeAlgorithm
FNDA:0,(anonymous_8)
FNDA:0,invokeAlgorithmV2
FNDA:0,(anonymous_10)
FNDA:0,(anonymous_11)
DA:2,3
DA:3,0
DA:4,0
DA:5,0
DA:6,0
DA:7,0
DA:10,3
DA:11,3
DA:12,3
DA:13,3
DA:15,3
DA:16,3
DA:17,3
DA:25,0
DA:27,0
DA:28,0
DA:29,0
DA:31,0
DA:33,0
DA:34,0
DA:35,0
DA:38,0
DA:40,0
DA:41,0
DA:43,0
DA:44,0
DA:45,0
DA:48,0
DA:52,3
DA:54,0
DA:56,0
DA:57,0
DA:58,0
DA:60,0
DA:61,0
DA:62,0
DA:65,0
DA:67,0
DA:69,0
DA:70,0
DA:74,3
LF:41
LH:10
BRDA:2,0,0,3
BRDA:2,0,1,3
BRDA:2,0,2,3
BRDA:3,1,0,0
BRDA:3,1,1,0
BRDA:6,2,0,0
BRDA:6,2,1,0
BRDA:7,3,0,0
BRDA:7,3,1,0
BRDA:18,4,0,3
BRDA:18,4,1,3
BRDA:28,5,0,0
BRDA:28,5,1,0
BRDA:41,6,0,0
BRDA:41,6,1,0
BRDA:57,7,0,0
BRDA:57,7,1,0
BRF:17
BRH:5
end_of_record
TN:
SF:/usr/src/app/src/controllers/app.invoke/pre.invoke.ts
FN:2,(anonymous_0)
FN:3,(anonymous_1)
FN:4,fulfilled
FN:5,rejected
FN:6,step
FN:6,(anonymous_5)
FN:15,(anonymous_6)
FN:19,setDefaults
FN:28,validateDataTypes
FN:54,addError
FN:62,validateParamConstraints
FN:69,(anonymous_11)
FN:87,(anonymous_12)
FN:114,(anonymous_13)
FN:122,preInvokeAlgorithm
FN:123,(anonymous_15)
FNF:16
FNH:1
FNDA:0,(anonymous_0)
FNDA:0,(anonymous_1)
FNDA:0,fulfilled
FNDA:0,rejected
FNDA:0,step
FNDA:0,(anonymous_5)
FNDA:3,(anonymous_6)
FNDA:0,setDefaults
FNDA:0,validateDataTypes
FNDA:0,addError
FNDA:0,validateParamConstraints
FNDA:0,(anonymous_11)
FNDA:0,(anonymous_12)
FNDA:0,(anonymous_13)
FNDA:0,preInvokeAlgorithm
FNDA:0,(anonymous_15)
DA:2,3
DA:3,0
DA:4,0
DA:5,0
DA:6,0
DA:7,0
DA:10,3
DA:11,3
DA:12,3
DA:13,3
DA:15,3
DA:16,3
DA:17,3
DA:20,0
DA:21,0
DA:22,0
DA:23,0
DA:24,0
DA:25,0
DA:26,0
DA:29,0
DA:30,0
DA:31,0
DA:32,0
DA:34,0
DA:35,0
DA:38,0
DA:40,0
DA:41,0
DA:44,0
DA:46,0
DA:47,0
DA:50,0
DA:52,0
DA:55,0
DA:56,0
DA:59,0
DA:63,0
DA:64,0
DA:65,0
DA:66,0
DA:68,0
DA:69,0
DA:70,0
DA:72,0
DA:73,0
DA:76,0
DA:77,0
DA:79,0
DA:80,0
DA:82,0
DA:83,0
DA:85,0
DA:86,0
DA:87,0
DA:88,0
DA:89,0
DA:90,0
DA:92,0
DA:93,0
DA:95,0
DA:96,0
DA:97,0
DA:98,0
DA:100,0
DA:101,0
DA:103,0
DA:104,0
DA:106,0
DA:107,0
DA:109,0
DA:114,0
DA:115,0
DA:116,0
DA:117,0
DA:120,0
DA:123,0
DA:124,0
DA:125,0
DA:126,0
DA:127,0
DA:128,0
DA:129,0
DA:132,0
DA:133,0
DA:150,0
DA:152,0
DA:153,0
DA:158,0
DA:160,0
DA:161,0
DA:162,0
DA:163,0
DA:164,0
DA:166,0
DA:167,0
DA:172,0
DA:174,0
DA:177,3
LF:99
LH:9
BRDA:2,0,0,3
BRDA:2,0,1,3
BRDA:2,0,2,3
BRDA:3,1,0,0
BRDA:3,1,1,0
BRDA:6,2,0,0
BRDA:6,2,1,0
BRDA:7,3,0,0
BRDA:7,3,1,0
BRDA:18,4,0,3
BRDA:18,4,1,3
BRDA:20,5,0,0
BRDA:20,5,1,0
BRDA:21,6,0,0
BRDA:21,6,1,0
BRDA:22,7,0,0
BRDA:22,7,1,0
BRDA:23,8,0,0
BRDA:23,8,1,0
BRDA:24,9,0,0
BRDA:24,9,1,0
BRDA:25,10,0,0
BRDA:25,10,1,0
BRDA:26,11,0,0
BRDA:26,11,1,0
BRDA:31,12,0,0
BRDA:31,12,1,0
BRDA:34,13,0,0
BRDA:34,13,1,0
BRDA:40,14,0,0
BRDA:40,14,1,0
BRDA:46,15,0,0
BRDA:46,15,1,0
BRDA:55,16,0,0
BRDA:55,16,1,0
BRDA:65,17,0,0
BRDA:65,17,1,0
BRDA:72,18,0,0
BRDA:72,18,1,0
BRDA:76,19,0,0
BRDA:76,19,1,0
BRDA:79,20,0,0
BRDA:79,20,1,0
BRDA:79,21,0,0
BRDA:79,21,1,0
BRDA:79,21,2,0
BRDA:82,22,0,0
BRDA:82,22,1,0
BRDA:82,23,0,0
BRDA:82,23,1,0
BRDA:85,24,0,0
BRDA:85,24,1,0
BRDA:88,25,0,0
BRDA:88,25,1,0
BRDA:89,26,0,0
BRDA:89,26,1,0
BRDA:95,27,0,0
BRDA:95,27,1,0
BRDA:96,28,0,0
BRDA:96,28,1,0
BRDA:97,29,0,0
BRDA:97,29,1,0
BRDA:97,30,0,0
BRDA:97,30,1,0
BRDA:100,31,0,0
BRDA:100,31,1,0
BRDA:103,32,0,0
BRDA:103,32,1,0
BRDA:106,33,0,0
BRDA:106,33,1,0
BRDA:106,34,0,0
BRDA:106,34,1,0
BRDA:115,35,0,0
BRDA:115,35,1,0
BRDA:115,36,0,0
BRDA:115,36,1,0
BRDA:115,36,2,0
BRDA:117,37,0,0
BRDA:117,37,1,0
BRDA:127,38,0,0
BRDA:127,38,1,0
BRDA:152,39,0,0
BRDA:152,39,1,0
BRDA:152,40,0,0
BRDA:152,40,1,0
BRDA:162,41,0,0
BRDA:162,41,1,0
BRDA:166,42,0,0
BRDA:166,42,1,0
BRF:89
BRH:5
end_of_record
TN:
SF:/usr/src/app/src/controllers/app.invoke/spawn.ts
FN:10,(anonymous_0)
FN:13,(anonymous_1)
FN:14,(anonymous_2)
FN:17,(anonymous_3)
FN:29,(anonymous_4)
FN:36,(anonymous_5)
FN:37,(anonymous_6)
FN:38,(anonymous_7)
FN:42,(anonymous_8)
FN:45,(anonymous_9)
FN:46,(anonymous_10)
FNF:11
FNH:0
FNDA:0,(anonymous_0)
FNDA:0,(anonymous_1)
FNDA:0,(anonymous_2)
FNDA:0,(anonymous_3)
FNDA:0,(anonymous_4)
FNDA:0,(anonymous_5)
FNDA:0,(anonymous_6)
FNDA:0,(anonymous_7)
FNDA:0,(anonymous_8)
FNDA:0,(anonymous_9)
FNDA:0,(anonymous_10)
DA:2,3
DA:3,3
DA:4,3
DA:5,3
DA:6,3
DA:7,3
DA:8,3
DA:11,0
DA:12,0
DA:13,0
DA:14,0
DA:15,0
DA:16,0
DA:17,0
DA:18,0
DA:19,0
DA:21,0
DA:22,0
DA:25,0
DA:30,0
DA:31,0
DA:32,0
DA:33,0
DA:34,0
DA:35,0
DA:36,0
DA:37,0
DA:38,0
DA:39,0
DA:40,0
DA:42,0
DA:43,0
DA:44,0
DA:45,0
DA:46,0
DA:51,3
LF:36
LH:8
BRDA:15,0,0,0
BRDA:15,0,1,0
BRDA:18,1,0,0
BRDA:18,1,1,0
BRDA:21,2,0,0
BRDA:21,2,1,0
BRF:6
BRH:0
end_of_record
TN:
SF:/usr/src/app/src/controllers/json.parser/json.parsers.ts
FN:7,(anonymous_0)
FN:14,(anonymous_1)
FN:20,(anonymous_2)
FN:24,(anonymous_3)
FN:27,(anonymous_4)
FNF:5
FNH:0
FNDA:0,(anonymous_0)
FNDA:0,(anonymous_1)
FNDA:0,(anonymous_2)
FNDA:0,(anonymous_3)
FNDA:0,(anonymous_4)
DA:2,3
DA:3,3
DA:4,3
DA:5,3
DA:8,0
DA:15,0
DA:16,0
DA:18,0
DA:21,0
DA:22,0
DA:25,0
DA:28,0
DA:29,0
DA:30,0
DA:32,0
DA:35,3
LF:16
LH:5
BRDA:15,0,0,0
BRDA:15,0,1,0
BRDA:29,1,0,0
BRDA:29,1,1,0
BRF:4
BRH:0
end_of_record
TN:
SF:/usr/src/app/src/controllers/json.parser/json2csv.ts
FN:5,(anonymous_0)
FNF:1
FNH:0
FNDA:0,(anonymous_0)
DA:2,3
DA:3,3
DA:6,0
DA:9,3
LF:4
LH:3
BRF:0
BRH:0
end_of_record
TN:
SF:/usr/src/app/src/controllers/json.parser/json2rr.ts
FN:4,(anonymous_0)
FNF:1
FNH:0
FNDA:0,(anonymous_0)
DA:2,3
DA:5,0
DA:6,0
DA:7,0
DA:9,0
DA:10,0
DA:11,0
DA:13,0
DA:14,0
DA:15,0
DA:18,0
DA:21,3
LF:12
LH:2
BRDA:6,0,0,0
BRDA:6,0,1,0
BRDA:10,1,0,0
BRDA:10,1,1,0
BRDA:14,2,0,0
BRDA:14,2,1,0
BRF:6
BRH:0
end_of_record
TN:
SF:/usr/src/app/src/controllers/json.parser/json2xml.ts
FN:5,(anonymous_0)
FNF:1
FNH:0
FNDA:0,(anonymous_0)
DA:2,3
DA:3,3
DA:6,0
DA:7,0
DA:9,0
DA:10,0
DA:13,3
LF:7
LH:3
BRDA:6,0,0,0
BRDA:6,0,1,0
BRF:2
BRH:0
end_of_record
TN:
SF:/usr/src/app/src/docker_sandbox/container.ts
FN:13,(anonymous_0)
FN:22,(anonymous_1)
FN:28,(anonymous_2)
FN:31,(anonymous_3)
FN:36,(anonymous_4)
FN:42,(anonymous_5)
FN:45,(anonymous_6)
FN:46,(anonymous_7)
FN:47,(anonymous_8)
FN:60,(anonymous_9)
FN:62,(anonymous_10)
FN:69,(anonymous_11)
FN:74,(anonymous_12)
FN:75,(anonymous_13)
FNF:14
FNH:0
FNDA:0,(anonymous_0)
FNDA:0,(anonymous_1)
FNDA:0,(anonymous_2)
FNDA:0,(anonymous_3)
FNDA:0,(anonymous_4)
FNDA:0,(anonymous_5)
FNDA:0,(anonymous_6)
FNDA:0,(anonymous_7)
FNDA:0,(anonymous_8)
FNDA:0,(anonymous_9)
FNDA:0,(anonymous_10)
FNDA:0,(anonymous_11)
FNDA:0,(anonymous_12)
FNDA:0,(anonymous_13)
DA:2,3
DA:3,3
DA:4,3
DA:14,0
DA:15,0
DA:16,0
DA:17,0
DA:23,0
DA:28,0
DA:29,0
DA:32,0
DA:33,0
DA:37,0
DA:43,0
DA:46,0
DA:47,0
DA:48,0
DA:50,0
DA:52,0
DA:53,0
DA:61,0
DA:62,0
DA:63,0
DA:66,0
DA:70,0
DA:71,0
DA:74,0
DA:75,0
DA:76,0
DA:77,0
DA:78,0
DA:83,3
LF:32
LH:4
BRDA:32,0,0,0
BRDA:32,0,1,0
BRDA:48,1,0,0
BRDA:48,1,1,0
BRDA:48,2,0,0
BRDA:48,2,1,0
BRDA:48,2,2,0
BRDA:48,2,3,0
BRDA:48,2,4,0
BRDA:50,3,0,0
BRDA:50,3,1,0
BRDA:60,4,0,0
BRDA:61,5,0,0
BRDA:61,5,1,0
BRDA:76,6,0,0
BRDA:76,6,1,0
BRDA:76,7,0,0
BRDA:76,7,1,0
BRF:18
BRH:0
end_of_record
TN:
SF:/usr/src/app/src/docker_sandbox/job.ts
FN:4,(anonymous_0)
FNF:1
FNH:0
FNDA:0,(anonymous_0)
DA:2,3
DA:5,0
DA:6,0
DA:7,0
DA:8,0
DA:11,3
LF:6
LH:2
BRF:0
BRH:0
end_of_record
TN:
SF:/usr/src/app/src/docker_sandbox/pool_manager.ts
FN:2,(anonymous_0)
FN:3,(anonymous_1)
FN:4,fulfilled
FN:5,rejected
FN:6,step
FN:6,(anonymous_5)
FN:15,(anonymous_6)
FN:29,(anonymous_7)
FN:41,(anonymous_8)
FN:54,(anonymous_9)
FN:55,(anonymous_10)
FN:81,(anonymous_11)
FN:84,(anonymous_12)
FN:100,(anonymous_13)
FN:101,(anonymous_14)
FN:121,(anonymous_15)
FN:122,(anonymous_16)
FN:123,(anonymous_17)
FN:136,(anonymous_18)
FN:137,(anonymous_19)
FN:138,(anonymous_20)
FN:150,(anonymous_21)
FN:153,(anonymous_22)
FN:154,(anonymous_23)
FN:164,(anonymous_24)
FNF:25
FNH:0
FNDA:0,(anonymous_0)
FNDA:0,(anonymous_1)
FNDA:0,fulfilled
FNDA:0,rejected
FNDA:0,step
FNDA:0,(anonymous_5)
FNDA:0,(anonymous_6)
FNDA:0,(anonymous_7)
FNDA:0,(anonymous_8)
FNDA:0,(anonymous_9)
FNDA:0,(anonymous_10)
FNDA:0,(anonymous_11)
FNDA:0,(anonymous_12)
FNDA:0,(anonymous_13)
FNDA:0,(anonymous_14)
FNDA:0,(anonymous_15)
FNDA:0,(anonymous_16)
FNDA:0,(anonymous_17)
FNDA:0,(anonymous_18)
FNDA:0,(anonymous_19)
FNDA:0,(anonymous_20)
FNDA:0,(anonymous_21)
FNDA:0,(anonymous_22)
FNDA:0,(anonymous_23)
FNDA:0,(anonymous_24)
DA:2,3
DA:3,0
DA:4,0
DA:5,0
DA:6,0
DA:7,0
DA:10,3
DA:11,3
DA:12,3
DA:13,3
DA:16,0
DA:17,0
DA:18,0
DA:19,0
DA:20,0
DA:30,0
DA:31,0
DA:32,0
DA:33,0
DA:34,0
DA:36,0
DA:42,0
DA:43,0
DA:46,0
DA:55,0
DA:56,0
DA:57,0
DA:58,0
DA:59,0
DA:60,0
DA:61,0
DA:64,0
DA:66,0
DA:67,0
DA:68,0
DA:71,0
DA:82,0
DA:83,0
DA:84,0
DA:85,0
DA:87,0
DA:88,0
DA:101,0
DA:103,0
DA:104,0
DA:105,0
DA:106,0
DA:109,0
DA:110,0
DA:112,0
DA:114,0
DA:122,0
DA:123,0
DA:124,0
DA:125,0
DA:126,0
DA:127,0
DA:128,0
DA:137,0
DA:138,0
DA:139,0
DA:140,0
DA:142,0
DA:151,0
DA:154,0
DA:155,0
DA:157,0
DA:158,0
DA:165,0
DA:166,0
DA:167,0
DA:169,0
DA:170,0
DA:171,0
DA:172,0
DA:176,3
LF:76
LH:6
BRDA:2,0,0,3
BRDA:2,0,1,3
BRDA:2,0,2,3
BRDA:3,1,0,0
BRDA:3,1,1,0
BRDA:6,2,0,0
BRDA:6,2,1,0
BRDA:7,3,0,0
BRDA:7,3,1,0
BRDA:30,4,0,0
BRDA:30,4,1,0
BRDA:42,5,0,0
BRDA:42,5,1,0
BRDA:56,6,0,0
BRDA:56,6,1,0
BRDA:109,7,0,0
BRDA:109,7,1,0
BRDA:109,8,0,0
BRDA:109,8,1,0
BRDA:124,9,0,0
BRDA:124,9,1,0
BRDA:139,10,0,0
BRDA:139,10,1,0
BRDA:157,11,0,0
BRDA:157,11,1,0
BRDA:166,12,0,0
BRDA:166,12,1,0
BRDA:170,13,0,0
BRDA:170,13,1,0
BRF:29
BRH:3
end_of_record
TN:
SF:/usr/src/app/src/docker_sandbox/sandbox.ts
FN:2,(anonymous_0)
FN:3,(anonymous_1)
FN:4,fulfilled
FN:5,rejected
FN:6,step
FN:6,(anonymous_5)
FN:15,(anonymous_6)
FN:44,(anonymous_7)
FN:52,(anonymous_8)
FN:56,(anonymous_9)
FN:60,(anonymous_10)
FN:71,(anonymous_11)
FN:77,(anonymous_12)
FN:78,(anonymous_13)
FN:79,(anonymous_14)
FN:87,(anonymous_15)
FN:94,(anonymous_16)
FN:95,(anonymous_17)
FNF:18
FNH:0
FNDA:0,(anonymous_0)
FNDA:0,(anonymous_1)
FNDA:0,fulfilled
FNDA:0,rejected
FNDA:0,step
FNDA:0,(anonymous_5)
FNDA:0,(anonymous_6)
FNDA:0,(anonymous_7)
FNDA:0,(anonymous_8)
FNDA:0,(anonymous_9)
FNDA:0,(anonymous_10)
FNDA:0,(anonymous_11)
FNDA:0,(anonymous_12)
FNDA:0,(anonymous_13)
FNDA:0,(anonymous_14)
FNDA:0,(anonymous_15)
FNDA:0,(anonymous_16)
FNDA:0,(anonymous_17)
DA:2,3
DA:3,0
DA:4,0
DA:5,0
DA:6,0
DA:7,0
DA:10,3
DA:11,3
DA:12,3
DA:13,3
DA:14,3
DA:15,3
DA:16,3
DA:45,0
DA:46,0
DA:47,0
DA:48,0
DA:49,0
DA:50,0
DA:51,0
DA:52,0
DA:53,0
DA:57,0
DA:58,0
DA:59,0
DA:61,0
DA:62,0
DA:65,0
DA:72,0
DA:78,0
DA:79,0
DA:80,0
DA:81,0
DA:82,0
DA:84,0
DA:88,0
DA:95,0
DA:96,0
DA:100,3
LF:39
LH:9
BRDA:2,0,0,3
BRDA:2,0,1,3
BRDA:2,0,2,3
BRDA:3,1,0,0
BRDA:3,1,1,0
BRDA:6,2,0,0
BRDA:6,2,1,0
BRDA:7,3,0,0
BRDA:7,3,1,0
BRDA:45,4,0,0
BRDA:45,4,1,0
BRDA:46,5,0,0
BRDA:46,5,1,0
BRDA:57,6,0,0
BRDA:57,6,1,0
BRDA:80,7,0,0
BRDA:80,7,1,0
BRF:17
BRH:3
end_of_record
TN:
SF:/usr/src/app/src/models/Application.ts
FN:6,(anonymous_0)
FN:106,(anonymous_1)
FN:122,(anonymous_2)
FN:160,save
FN:167,validate
FN:185,(anonymous_5)
FN:199,(anonymous_6)
FN:214,save
FNF:8
FNH:7
FNDA:3,(anonymous_0)
FNDA:2,(anonymous_1)
FNDA:2,(anonymous_2)
FNDA:5,save
FNDA:10,validate
FNDA:9,(anonymous_5)
FNDA:0,(anonymous_6)
FNDA:2,save
DA:2,3
DA:3,3
DA:4,3
DA:6,3
DA:7,3
DA:8,3
DA:18,3
DA:63,3
DA:75,3
DA:91,3
DA:107,2
DA:108,0
DA:109,0
DA:110,0
DA:114,2
DA:123,2
DA:124,2
DA:125,0
DA:126,0
DA:127,0
DA:131,2
DA:132,0
DA:133,0
DA:136,2
DA:142,3
DA:160,3
DA:161,5
DA:162,5
DA:163,5
DA:165,5
DA:167,3
DA:168,10
DA:169,10
DA:184,10
DA:185,10
DA:186,9
DA:188,10
DA:189,10
DA:190,0
DA:191,0
DA:192,0
DA:194,10
DA:195,0
DA:198,2
DA:199,2
DA:200,0
DA:202,2
DA:203,2
DA:204,2
DA:205,0
DA:208,0
DA:209,0
DA:212,2
DA:214,3
DA:215,2
DA:216,2
DA:217,2
DA:219,2
DA:221,3
DA:222,3
LF:60
LH:44
BRDA:9,0,0,3
BRDA:9,0,1,3
BRDA:109,1,0,0
BRDA:109,1,1,0
BRDA:126,2,0,0
BRDA:126,2,1,0
BRDA:132,3,0,0
BRDA:132,3,1,0
BRDA:162,4,0,5
BRDA:162,4,1,0
BRDA:162,5,0,5
BRDA:162,5,1,0
BRDA:184,6,0,10
BRDA:184,6,1,0
BRDA:189,7,0,0
BRDA:189,7,1,10
BRDA:194,8,0,0
BRDA:194,8,1,2
BRDA:198,9,0,2
BRDA:198,9,1,0
BRDA:202,10,0,2
BRDA:202,10,1,0
BRDA:204,11,0,0
BRDA:204,11,1,2
BRDA:208,12,0,0
BRDA:208,12,1,0
BRDA:216,13,0,2
BRDA:216,13,1,0
BRF:28
BRH:11
end_of_record
TN:
SF:/usr/src/app/src/utils/index.ts
FNF:0
FNH:0
DA:2,3
DA:3,3
DA:4,3
DA:5,3
DA:6,3
DA:7,3
LF:6
LH:6
BRF:0
BRH:0
end_of_record
TN:
SF:/usr/src/app/src/utils/utils.ts
FN:6,isString
FN:13,isBool
FN:17,isInteger
FN:24,mkdirsSync
FN:27,(anonymous_4)
FNF:5
FNH:2
FNDA:39,isString
FNDA:8,isBool
FNDA:0,isInteger
FNDA:0,mkdirsSync
FNDA:0,(anonymous_4)
DA:2,3
DA:3,3
DA:4,3
DA:5,3
DA:7,39
DA:8,14
DA:10,25
DA:12,3
DA:14,8
DA:16,3
DA:18,0
DA:19,0
DA:21,0
DA:23,3
DA:25,0
DA:28,0
DA:29,0
DA:30,0
DA:33,0
DA:34,0
DA:37,0
DA:40,3
LF:22
LH:12
BRDA:7,0,0,14
BRDA:7,0,1,25
BRDA:8,1,0,14
BRDA:8,1,1,10
BRDA:14,2,0,8
BRDA:14,2,1,0
BRDA:14,2,2,0
BRDA:14,2,3,0
BRDA:18,3,0,0
BRDA:18,3,1,0
BRDA:33,4,0,0
BRDA:33,4,1,0
BRF:12
BRH:5
end_of_record
TN:
SF:/usr/src/app/test/app.mock.ts
FNF:0
FNH:0
DA:2,3
DA:3,3
DA:4,3
DA:5,3
DA:7,3
DA:9,3
DA:10,3
DA:12,3
DA:13,3
LF:9
LH:9
BRF:0
BRH:0
end_of_record
